This is XeTeX, Version 3.141592653-2.6-0.999993 (MiKTeX 21.10) (preloaded format=xelatex 2021.12.12)  31 MAR 2022 13:22
entering extended mode
**D:/M3/Projects/Latex/Thesis/thesis.tex
(D:/M3/Projects/Latex/Thesis/thesis.tex
LaTeX2e <2021-11-15>
L3 programming layer <2021-11-22>
(C:\Program Files\MiKTeX\tex/latex/base\report.cls
Document Class: report 2021/10/04 v1.4n Standard LaTeX document class
(C:\Program Files\MiKTeX\tex/latex/base\size12.clo
File: size12.clo 2021/10/04 v1.4n Standard LaTeX file (size option)
)
\c@part=\count179
\c@chapter=\count180
\c@section=\count181
\c@subsection=\count182
\c@subsubsection=\count183
\c@paragraph=\count184
\c@subparagraph=\count185
\c@figure=\count186
\c@table=\count187
\abovecaptionskip=\skip47
\belowcaptionskip=\skip48
\bibindent=\dimen138
)
(D:/M3/Projects/Latex/Thesis\PersianTemplate.sty
Package: PersianTemplate 

(C:\Program Files\MiKTeX\tex/latex/base\makeidx.sty
Package: makeidx 2021/10/04 v1.0m Standard LaTeX package
)
(C:\Program Files\MiKTeX\tex/latex/amsmath\amsmath.sty
Package: amsmath 2021/10/15 v2.17l AMS math features
\@mathmargin=\skip49

For additional information on amsmath, use the `?' option.
(C:\Program Files\MiKTeX\tex/latex/amsmath\amstext.sty
Package: amstext 2021/08/26 v2.01 AMS text

(C:\Program Files\MiKTeX\tex/latex/amsmath\amsgen.sty
File: amsgen.sty 1999/11/30 v2.0 generic functions
\@emptytoks=\toks16
\ex@=\dimen139
))
(C:\Program Files\MiKTeX\tex/latex/amsmath\amsbsy.sty
Package: amsbsy 1999/11/29 v1.2d Bold Symbols
\pmbraise@=\dimen140
)
(C:\Program Files\MiKTeX\tex/latex/amsmath\amsopn.sty
Package: amsopn 2021/08/26 v2.02 operator names
)
\inf@bad=\count188
LaTeX Info: Redefining \frac on input line 234.
\uproot@=\count189
\leftroot@=\count190
LaTeX Info: Redefining \overline on input line 399.
\classnum@=\count191
\DOTSCASE@=\count192
LaTeX Info: Redefining \ldots on input line 496.
LaTeX Info: Redefining \dots on input line 499.
LaTeX Info: Redefining \cdots on input line 620.
\Mathstrutbox@=\box50
\strutbox@=\box51
\big@size=\dimen141
LaTeX Font Info:    Redeclaring font encoding OML on input line 743.
LaTeX Font Info:    Redeclaring font encoding OMS on input line 744.
\macc@depth=\count193
\c@MaxMatrixCols=\count194
\dotsspace@=\muskip16
\c@parentequation=\count195
\dspbrk@lvl=\count196
\tag@help=\toks17
\row@=\count197
\column@=\count198
\maxfields@=\count199
\andhelp@=\toks18
\eqnshift@=\dimen142
\alignsep@=\dimen143
\tagshift@=\dimen144
\tagwidth@=\dimen145
\totwidth@=\dimen146
\lineht@=\dimen147
\@envbody=\toks19
\multlinegap=\skip50
\multlinetaggap=\skip51
\mathdisplay@stack=\toks20
LaTeX Info: Redefining \[ on input line 2938.
LaTeX Info: Redefining \] on input line 2939.
)
(C:\Program Files\MiKTeX\tex/latex/tools\enumerate.sty
Package: enumerate 2015/07/23 v3.00 enumerate extensions (DPC)
\@enLab=\toks21
)
(C:\Program Files\MiKTeX\tex/latex/setspace\setspace.sty
Package: setspace 2011/12/19 v6.7a set line spacing
)
(C:\Program Files\MiKTeX\tex/latex/amsfonts\amssymb.sty
Package: amssymb 2013/01/14 v3.01 AMS font symbols

(C:\Program Files\MiKTeX\tex/latex/amsfonts\amsfonts.sty
Package: amsfonts 2013/01/14 v3.01 Basic AMSFonts support
\symAMSa=\mathgroup4
\symAMSb=\mathgroup5
LaTeX Font Info:    Redeclaring math symbol \hbar on input line 98.
LaTeX Font Info:    Overwriting math alphabet `\mathfrak' in version `bold'
(Font)                  U/euf/m/n --> U/euf/b/n on input line 106.
))
(C:\Program Files\MiKTeX\tex/latex/geometry\geometry.sty
Package: geometry 2020/01/02 v5.9 Page Geometry

(C:\Program Files\MiKTeX\tex/latex/graphics\keyval.sty
Package: keyval 2014/10/28 v1.15 key=value parser (DPC)
\KV@toks@=\toks22
)
(C:\Program Files\MiKTeX\tex/generic/iftex\ifvtex.sty
Package: ifvtex 2019/10/25 v1.7 ifvtex legacy package. Use iftex instead.

(C:\Program Files\MiKTeX\tex/generic/iftex\iftex.sty
Package: iftex 2020/03/06 v1.0d TeX engine tests
))
\Gm@cnth=\count266
\Gm@cntv=\count267
\c@Gm@tempcnt=\count268
\Gm@bindingoffset=\dimen148
\Gm@wd@mp=\dimen149
\Gm@odd@mp=\dimen150
\Gm@even@mp=\dimen151
\Gm@layoutwidth=\dimen152
\Gm@layoutheight=\dimen153
\Gm@layouthoffset=\dimen154
\Gm@layoutvoffset=\dimen155
\Gm@dimlist=\toks23

(C:\Program Files\MiKTeX\tex/latex/geometry\geometry.cfg))
(C:\Program Files\MiKTeX\tex/latex/l3packages/xparse\xparse.sty
(C:\Program Files\MiKTeX\tex/latex/l3kernel\expl3.sty
Package: expl3 2021-11-22 L3 programming layer (loader) 

(C:\Program Files\MiKTeX\tex/latex/l3backend\l3backend-xetex.def
File: l3backend-xetex.def 2021-10-18 L3 backend support: XeTeX
 ()
\c__kernel_sys_dvipdfmx_version_int=\count269
\l__color_backend_stack_int=\count270
\g__color_backend_stack_int=\count271
\g__graphics_track_int=\count272
\l__pdf_internal_box=\box52
\g__pdf_backend_object_int=\count273
\g__pdf_backend_annotation_int=\count274
\g__pdf_backend_link_int=\count275
))
Package: xparse 2021-11-12 L3 Experimental document command parser
)
(C:\Program Files\MiKTeX\tex/latex/lipsum\lipsum.sty
(C:\Program Files\MiKTeX\tex/latex/l3packages/l3keys2e\l3keys2e.sty
Package: l3keys2e 2021-11-12 LaTeX2e option processing using LaTeX3 keys
)
Package: lipsum 2021-09-20 v2.7 150 paragraphs of Lorem Ipsum dummy text
\g__lipsum_par_int=\count276
\l__lipsum_a_int=\count277
\l__lipsum_b_int=\count278

(C:\Program Files\MiKTeX\tex/latex/lipsum\lipsum.ltd.tex))
(C:\Program Files\MiKTeX\tex/latex/natbib\natbib.sty
Package: natbib 2010/09/13 8.31b (PWD, AO)
\bibhang=\skip52
\bibsep=\skip53
LaTeX Info: Redefining \cite on input line 694.
\c@NAT@ctr=\count279
)
(C:\Program Files\MiKTeX\tex/latex/base\textcomp.sty
Package: textcomp 2020/02/02 v2.0n Standard LaTeX package
)
(C:\Program Files\MiKTeX\tex/latex/base\fontenc.sty
Package: fontenc 2021/04/29 v2.0v Standard LaTeX package
LaTeX Font Info:    Trying to load font information for T1+lmr on input line 11
2.

(C:\Program Files\MiKTeX\tex/latex/lm\t1lmr.fd
File: t1lmr.fd 2009/10/30 v1.6 Font defs for Latin Modern
))
(C:\Program Files\MiKTeX\tex/latex/fontspec\fontspec.sty
Package: fontspec 2020/02/21 v2.7i Font selection for XeLaTeX and LuaLaTeX

(C:\Program Files\MiKTeX\tex/latex/fontspec\fontspec-xetex.sty
Package: fontspec-xetex 2020/02/21 v2.7i Font selection for XeLaTeX and LuaLaTe
X
\l__fontspec_script_int=\count280
\l__fontspec_language_int=\count281
\l__fontspec_strnum_int=\count282
\l__fontspec_tmp_int=\count283
\l__fontspec_tmpa_int=\count284
\l__fontspec_tmpb_int=\count285
\l__fontspec_tmpc_int=\count286
\l__fontspec_em_int=\count287
\l__fontspec_emdef_int=\count288
\l__fontspec_strong_int=\count289
\l__fontspec_strongdef_int=\count290
\l__fontspec_tmpa_dim=\dimen156
\l__fontspec_tmpb_dim=\dimen157
\l__fontspec_tmpc_dim=\dimen158

(C:\Program Files\MiKTeX\tex/latex/base\fontenc.sty
Package: fontenc 2021/04/29 v2.0v Standard LaTeX package
)
(C:\Program Files\MiKTeX\tex/latex/fontspec\fontspec.cfg)))
(C:\Program Files\MiKTeX\tex/latex/xcolor\xcolor.sty
Package: xcolor 2021/10/31 v2.13 LaTeX color extensions (UK)

(C:\Program Files\MiKTeX\tex/latex/graphics-cfg\color.cfg
File: color.cfg 2016/01/02 v1.6 sample color configuration
)
Package xcolor Info: Package option `usenames' ignored on input line 218.
Package xcolor Info: Driver file: xetex.def on input line 227.

(C:\Program Files\MiKTeX\tex/latex/graphics-def\xetex.def
File: xetex.def 2021/03/18 v5.0k Graphics/color driver for xetex
)
Package xcolor Info: Model `cmy' substituted by `cmy0' on input line 1352.
Package xcolor Info: Model `RGB' extended on input line 1368.
Package xcolor Info: Model `HTML' substituted by `rgb' on input line 1370.
Package xcolor Info: Model `Hsb' substituted by `hsb' on input line 1371.
Package xcolor Info: Model `tHsb' substituted by `hsb' on input line 1372.
Package xcolor Info: Model `HSB' substituted by `hsb' on input line 1373.
Package xcolor Info: Model `Gray' substituted by `gray' on input line 1374.
Package xcolor Info: Model `wave' substituted by `hsb' on input line 1375.

(C:\Program Files\MiKTeX\tex/latex/graphics\dvipsnam.def
File: dvipsnam.def 2016/06/17 v3.0m Driver-dependent file (DPC,SPQR)
))
(C:\Program Files\MiKTeX\tex/latex/fancyhdr\fancyhdr.sty
Package: fancyhdr 2021/01/28 v4.0.1 Extensive control of page headers and foote
rs
\f@nch@headwidth=\skip54
\f@nch@O@elh=\skip55
\f@nch@O@erh=\skip56
\f@nch@O@olh=\skip57
\f@nch@O@orh=\skip58
\f@nch@O@elf=\skip59
\f@nch@O@erf=\skip60
\f@nch@O@olf=\skip61
\f@nch@O@orf=\skip62
)
(C:\Program Files\MiKTeX\tex/latex/graphics\graphicx.sty
Package: graphicx 2021/09/16 v1.2d Enhanced LaTeX Graphics (DPC,SPQR)

(C:\Program Files\MiKTeX\tex/latex/graphics\graphics.sty
Package: graphics 2021/03/04 v1.4d Standard LaTeX Graphics (DPC,SPQR)

(C:\Program Files\MiKTeX\tex/latex/graphics\trig.sty
Package: trig 2021/08/11 v1.11 sin cos tan (DPC)
)
(C:\Program Files\MiKTeX\tex/latex/graphics-cfg\graphics.cfg
File: graphics.cfg 2016/06/04 v1.11 sample graphics configuration
)
Package graphics Info: Driver file: xetex.def on input line 107.
)
\Gin@req@height=\dimen159
\Gin@req@width=\dimen160
)
(C:\Program Files\MiKTeX\tex/latex/float\float.sty
Package: float 2001/11/08 v1.3d Float enhancements (AL)
\c@float@type=\count291
\float@exts=\toks24
\float@box=\box53
\@float@everytoks=\toks25
\@floatcapt=\box54
)
(C:\Program Files\MiKTeX\tex/latex/wrapfig\wrapfig.sty
\wrapoverhang=\dimen161
\WF@size=\dimen162
\c@WF@wrappedlines=\count292
\WF@box=\box55
\WF@everypar=\toks26
Package: wrapfig 2003/01/31  v 3.6
)
(C:\Program Files\MiKTeX\tex/latex/floatflt\floatflt.sty
Package: floatflt 1997/07/16 v. 1.31
\c@OptionTest=\count293
\figbox=\box56
\tabbox=\box57
\pagebox=\box58
\ffigcount=\count294
\ftabcount=\count295
\fftest=\count296
\hangcount=\count297
\nosuccesstryfig=\count298
\nosuccesstrytab=\count299
\figgutter=\dimen163
\tabgutter=\dimen164
\htdone=\dimen165
\pageht=\dimen166
\startpageht=\dimen167
\tabbredd=\dimen168
\floatfltwidth=\dimen169
\fltitemwidth=\dimen170
\outputpretest=\toks27
)
(C:\Program Files\MiKTeX\tex/latex/enumitem\enumitem.sty
Package: enumitem 2019/06/20 v3.9 Customized lists
\labelindent=\skip63
\enit@outerparindent=\dimen171
\enit@toks=\toks28
\enit@inbox=\box59
\enit@count@id=\count300
\enitdp@description=\count301
)
(C:\Program Files\MiKTeX\tex/latex/colortbl\colortbl.sty
Package: colortbl 2020/01/04 v1.0e Color table columns (DPC)

(C:\Program Files\MiKTeX\tex/latex/tools\array.sty
Package: array 2021/10/04 v2.5f Tabular extension package (FMi)
\col@sep=\dimen172
\ar@mcellbox=\box60
\extrarowheight=\dimen173
\NC@list=\toks29
\extratabsurround=\skip64
\backup@length=\skip65
\ar@cellbox=\box61
)
\everycr=\toks30
\minrowclearance=\skip66
)
(C:\Program Files\MiKTeX\tex/latex/hyperref\hyperref.sty
Package: hyperref 2021-06-07 v7.00m Hypertext links for LaTeX

(C:\Program Files\MiKTeX\tex/generic/ltxcmds\ltxcmds.sty
Package: ltxcmds 2020-05-10 v1.25 LaTeX kernel commands for general use (HO)
)
(C:\Program Files\MiKTeX\tex/generic/pdftexcmds\pdftexcmds.sty
Package: pdftexcmds 2020-06-27 v0.33 Utility functions of pdfTeX for LuaTeX (HO
)

(C:\Program Files\MiKTeX\tex/generic/infwarerr\infwarerr.sty
Package: infwarerr 2019/12/03 v1.5 Providing info/warning/error messages (HO)
)
Package pdftexcmds Info: \pdf@primitive is available.
Package pdftexcmds Info: \pdf@ifprimitive is available.
Package pdftexcmds Info: \pdfdraftmode not found.
)
(C:\Program Files\MiKTeX\tex/generic/kvsetkeys\kvsetkeys.sty
Package: kvsetkeys 2019/12/15 v1.18 Key value parser (HO)
)
(C:\Program Files\MiKTeX\tex/generic/kvdefinekeys\kvdefinekeys.sty
Package: kvdefinekeys 2019-12-19 v1.6 Define keys (HO)
)
(C:\Program Files\MiKTeX\tex/generic/pdfescape\pdfescape.sty
Package: pdfescape 2019/12/09 v1.15 Implements pdfTeX's escape features (HO)
)
(C:\Program Files\MiKTeX\tex/latex/hycolor\hycolor.sty
Package: hycolor 2020-01-27 v1.10 Color options for hyperref/bookmark (HO)
)
(C:\Program Files\MiKTeX\tex/latex/letltxmacro\letltxmacro.sty
Package: letltxmacro 2019/12/03 v1.6 Let assignment for LaTeX macros (HO)
)
(C:\Program Files\MiKTeX\tex/latex/auxhook\auxhook.sty
Package: auxhook 2019-12-17 v1.6 Hooks for auxiliary files (HO)
)
(C:\Program Files\MiKTeX\tex/latex/kvoptions\kvoptions.sty
Package: kvoptions 2020-10-07 v3.14 Key value format for package options (HO)
)
\@linkdim=\dimen174
\Hy@linkcounter=\count302
\Hy@pagecounter=\count303

(C:\Program Files\MiKTeX\tex/latex/hyperref\pd1enc.def
File: pd1enc.def 2021-06-07 v7.00m Hyperref: PDFDocEncoding definition (HO)
)
(C:\Program Files\MiKTeX\tex/latex/hyperref\hyperref-langpatches.def
File: hyperref-langpatches.def 2021-06-07 v7.00m Hyperref: patches for babel la
nguages
)
(C:\Program Files\MiKTeX\tex/generic/intcalc\intcalc.sty
Package: intcalc 2019/12/15 v1.3 Expandable calculations with integers (HO)
)
(C:\Program Files\MiKTeX\tex/generic/etexcmds\etexcmds.sty
Package: etexcmds 2019/12/15 v1.7 Avoid name clashes with e-TeX commands (HO)
)
\Hy@SavedSpaceFactor=\count304

(C:\Program Files\MiKTeX\tex/latex/hyperref\puenc.def
File: puenc.def 2021-06-07 v7.00m Hyperref: PDF Unicode definition (HO)
)
Package hyperref Info: Hyper figures OFF on input line 4192.
Package hyperref Info: Link nesting OFF on input line 4197.
Package hyperref Info: Hyper index ON on input line 4200.
Package hyperref Info: Plain pages OFF on input line 4207.
Package hyperref Info: Backreferencing OFF on input line 4212.
Package hyperref Info: Implicit mode ON; LaTeX internals redefined.
Package hyperref Info: Bookmarks ON on input line 4445.
\c@Hy@tempcnt=\count305

(C:\Program Files\MiKTeX\tex/latex/url\url.sty
\Urlmuskip=\muskip17
Package: url 2013/09/16  ver 3.4  Verb mode for urls, etc.
)
LaTeX Info: Redefining \url on input line 4804.
\XeTeXLinkMargin=\dimen175

(C:\Program Files\MiKTeX\tex/generic/bitset\bitset.sty
Package: bitset 2019/12/09 v1.3 Handle bit-vector datatype (HO)

(C:\Program Files\MiKTeX\tex/generic/bigintcalc\bigintcalc.sty
Package: bigintcalc 2019/12/15 v1.5 Expandable calculations on big integers (HO
)
))
\Fld@menulength=\count306
\Field@Width=\dimen176
\Fld@charsize=\dimen177
Package hyperref Info: Hyper figures OFF on input line 6076.
Package hyperref Info: Link nesting OFF on input line 6081.
Package hyperref Info: Hyper index ON on input line 6084.
Package hyperref Info: backreferencing OFF on input line 6091.
Package hyperref Info: Link coloring OFF on input line 6096.
Package hyperref Info: Link coloring with OCG OFF on input line 6101.
Package hyperref Info: PDF/A mode OFF on input line 6106.
LaTeX Info: Redefining \ref on input line 6146.
LaTeX Info: Redefining \pageref on input line 6150.

(C:\Program Files\MiKTeX\tex/latex/base\atbegshi-ltx.sty
Package: atbegshi-ltx 2021/01/10 v1.0c Emulation of the original atbegshi
package with kernel methods
)
\Hy@abspage=\count307
\c@Item=\count308
\c@Hfootnote=\count309
)
Package hyperref Info: Driver (autodetected): hxetex.

(C:\Program Files\MiKTeX\tex/latex/hyperref\hxetex.def
File: hxetex.def 2021-06-07 v7.00m Hyperref driver for XeTeX

(C:\Program Files\MiKTeX\tex/generic/stringenc\stringenc.sty
Package: stringenc 2019/11/29 v1.12 Convert strings between diff. encodings (HO
)
)
\pdfm@box=\box62
\c@Hy@AnnotLevel=\count310
\HyField@AnnotCount=\count311
\Fld@listcount=\count312
\c@bookmark@seq@number=\count313

(C:\Program Files\MiKTeX\tex/latex/rerunfilecheck\rerunfilecheck.sty
Package: rerunfilecheck 2019/12/05 v1.9 Rerun checks for auxiliary files (HO)

(C:\Program Files\MiKTeX\tex/latex/base\atveryend-ltx.sty
Package: atveryend-ltx 2020/08/19 v1.0a Emulation of the original atveryend pac
kage
with kernel methods
)
(C:\Program Files\MiKTeX\tex/generic/uniquecounter\uniquecounter.sty
Package: uniquecounter 2019/12/15 v1.4 Provide unlimited unique counter (HO)
)
Package uniquecounter Info: New unique counter `rerunfilecheck' on input line 2
86.
)
\Hy@SectionHShift=\skip67
)
(C:\Program Files\MiKTeX\tex/latex/parskip\parskip.sty
Package: parskip 2021-03-14 v2.0h non-zero parskip adjustments

(C:\Program Files\MiKTeX\tex/latex/etoolbox\etoolbox.sty
Package: etoolbox 2020/10/05 v2.5k e-TeX tools for LaTeX (JAW)
\etb@tempcnta=\count314
))
(C:\Program Files\MiKTeX\tex/latex/pgf/frontendlayer\tikz.sty
(C:\Program Files\MiKTeX\tex/latex/pgf/basiclayer\pgf.sty
(C:\Program Files\MiKTeX\tex/latex/pgf/utilities\pgfrcs.sty
(C:\Program Files\MiKTeX\tex/generic/pgf/utilities\pgfutil-common.tex
\pgfutil@everybye=\toks31
\pgfutil@tempdima=\dimen178
\pgfutil@tempdimb=\dimen179

(C:\Program Files\MiKTeX\tex/generic/pgf/utilities\pgfutil-common-lists.tex))
(C:\Program Files\MiKTeX\tex/generic/pgf/utilities\pgfutil-latex.def
\pgfutil@abb=\box63
)
(C:\Program Files\MiKTeX\tex/generic/pgf/utilities\pgfrcs.code.tex
(C:\Program Files\MiKTeX\tex/generic/pgf\pgf.revision.tex)
Package: pgfrcs 2021/05/15 v3.1.9a (3.1.9a)
))
Package: pgf 2021/05/15 v3.1.9a (3.1.9a)

(C:\Program Files\MiKTeX\tex/latex/pgf/basiclayer\pgfcore.sty
(C:\Program Files\MiKTeX\tex/latex/pgf/systemlayer\pgfsys.sty
(C:\Program Files\MiKTeX\tex/generic/pgf/systemlayer\pgfsys.code.tex
Package: pgfsys 2021/05/15 v3.1.9a (3.1.9a)

(C:\Program Files\MiKTeX\tex/generic/pgf/utilities\pgfkeys.code.tex
\pgfkeys@pathtoks=\toks32
\pgfkeys@temptoks=\toks33

(C:\Program Files\MiKTeX\tex/generic/pgf/utilities\pgfkeysfiltered.code.tex
\pgfkeys@tmptoks=\toks34
))
\pgf@x=\dimen180
\pgf@y=\dimen181
\pgf@xa=\dimen182
\pgf@ya=\dimen183
\pgf@xb=\dimen184
\pgf@yb=\dimen185
\pgf@xc=\dimen186
\pgf@yc=\dimen187
\pgf@xd=\dimen188
\pgf@yd=\dimen189
\w@pgf@writea=\write3
\r@pgf@reada=\read2
\c@pgf@counta=\count315
\c@pgf@countb=\count316
\c@pgf@countc=\count317
\c@pgf@countd=\count318
\t@pgf@toka=\toks35
\t@pgf@tokb=\toks36
\t@pgf@tokc=\toks37
\pgf@sys@id@count=\count319

(C:\Program Files\MiKTeX\tex/generic/pgf/systemlayer\pgf.cfg
File: pgf.cfg 2021/05/15 v3.1.9a (3.1.9a)
)
Driver file for pgf: pgfsys-xetex.def

(C:\Program Files\MiKTeX\tex/generic/pgf/systemlayer\pgfsys-xetex.def
File: pgfsys-xetex.def 2021/05/15 v3.1.9a (3.1.9a)

(C:\Program Files\MiKTeX\tex/generic/pgf/systemlayer\pgfsys-dvipdfmx.def
File: pgfsys-dvipdfmx.def 2021/05/15 v3.1.9a (3.1.9a)

(C:\Program Files\MiKTeX\tex/generic/pgf/systemlayer\pgfsys-common-pdf.def
File: pgfsys-common-pdf.def 2021/05/15 v3.1.9a (3.1.9a)
)
\pgfsys@objnum=\count320
)))
(C:\Program Files\MiKTeX\tex/generic/pgf/systemlayer\pgfsyssoftpath.code.tex
File: pgfsyssoftpath.code.tex 2021/05/15 v3.1.9a (3.1.9a)
\pgfsyssoftpath@smallbuffer@items=\count321
\pgfsyssoftpath@bigbuffer@items=\count322
)
(C:\Program Files\MiKTeX\tex/generic/pgf/systemlayer\pgfsysprotocol.code.tex
File: pgfsysprotocol.code.tex 2021/05/15 v3.1.9a (3.1.9a)
))
(C:\Program Files\MiKTeX\tex/generic/pgf/basiclayer\pgfcore.code.tex
Package: pgfcore 2021/05/15 v3.1.9a (3.1.9a)

(C:\Program Files\MiKTeX\tex/generic/pgf/math\pgfmath.code.tex
(C:\Program Files\MiKTeX\tex/generic/pgf/math\pgfmathcalc.code.tex
(C:\Program Files\MiKTeX\tex/generic/pgf/math\pgfmathutil.code.tex)
(C:\Program Files\MiKTeX\tex/generic/pgf/math\pgfmathparser.code.tex
\pgfmath@dimen=\dimen190
\pgfmath@count=\count323
\pgfmath@box=\box64
\pgfmath@toks=\toks38
\pgfmath@stack@operand=\toks39
\pgfmath@stack@operation=\toks40
)
(C:\Program Files\MiKTeX\tex/generic/pgf/math\pgfmathfunctions.code.tex
(C:\Program Files\MiKTeX\tex/generic/pgf/math\pgfmathfunctions.basic.code.tex)
(C:\Program Files\MiKTeX\tex/generic/pgf/math\pgfmathfunctions.trigonometric.co
de.tex)
(C:\Program Files\MiKTeX\tex/generic/pgf/math\pgfmathfunctions.random.code.tex)

(C:\Program Files\MiKTeX\tex/generic/pgf/math\pgfmathfunctions.comparison.code.
tex)
(C:\Program Files\MiKTeX\tex/generic/pgf/math\pgfmathfunctions.base.code.tex)
(C:\Program Files\MiKTeX\tex/generic/pgf/math\pgfmathfunctions.round.code.tex)
(C:\Program Files\MiKTeX\tex/generic/pgf/math\pgfmathfunctions.misc.code.tex)
(C:\Program Files\MiKTeX\tex/generic/pgf/math\pgfmathfunctions.integerarithmeti
cs.code.tex)))
(C:\Program Files\MiKTeX\tex/generic/pgf/math\pgfmathfloat.code.tex
\c@pgfmathroundto@lastzeros=\count324
))
(C:\Program Files\MiKTeX\tex/generic/pgf/math\pgfint.code.tex)
(C:\Program Files\MiKTeX\tex/generic/pgf/basiclayer\pgfcorepoints.code.tex
File: pgfcorepoints.code.tex 2021/05/15 v3.1.9a (3.1.9a)
\pgf@picminx=\dimen191
\pgf@picmaxx=\dimen192
\pgf@picminy=\dimen193
\pgf@picmaxy=\dimen194
\pgf@pathminx=\dimen195
\pgf@pathmaxx=\dimen196
\pgf@pathminy=\dimen197
\pgf@pathmaxy=\dimen198
\pgf@xx=\dimen199
\pgf@xy=\dimen256
\pgf@yx=\dimen257
\pgf@yy=\dimen258
\pgf@zx=\dimen259
\pgf@zy=\dimen260
)
(C:\Program Files\MiKTeX\tex/generic/pgf/basiclayer\pgfcorepathconstruct.code.t
ex
File: pgfcorepathconstruct.code.tex 2021/05/15 v3.1.9a (3.1.9a)
\pgf@path@lastx=\dimen261
\pgf@path@lasty=\dimen262
)
(C:\Program Files\MiKTeX\tex/generic/pgf/basiclayer\pgfcorepathusage.code.tex
File: pgfcorepathusage.code.tex 2021/05/15 v3.1.9a (3.1.9a)
\pgf@shorten@end@additional=\dimen263
\pgf@shorten@start@additional=\dimen264
)
(C:\Program Files\MiKTeX\tex/generic/pgf/basiclayer\pgfcorescopes.code.tex
File: pgfcorescopes.code.tex 2021/05/15 v3.1.9a (3.1.9a)
\pgfpic=\box65
\pgf@hbox=\box66
\pgf@layerbox@main=\box67
\pgf@picture@serial@count=\count325
)
(C:\Program Files\MiKTeX\tex/generic/pgf/basiclayer\pgfcoregraphicstate.code.te
x
File: pgfcoregraphicstate.code.tex 2021/05/15 v3.1.9a (3.1.9a)
\pgflinewidth=\dimen265
)
(C:\Program Files\MiKTeX\tex/generic/pgf/basiclayer\pgfcoretransformations.code
.tex
File: pgfcoretransformations.code.tex 2021/05/15 v3.1.9a (3.1.9a)
\pgf@pt@x=\dimen266
\pgf@pt@y=\dimen267
\pgf@pt@temp=\dimen268
) (C:\Program Files\MiKTeX\tex/generic/pgf/basiclayer\pgfcorequick.code.tex
File: pgfcorequick.code.tex 2021/05/15 v3.1.9a (3.1.9a)
) (C:\Program Files\MiKTeX\tex/generic/pgf/basiclayer\pgfcoreobjects.code.tex
File: pgfcoreobjects.code.tex 2021/05/15 v3.1.9a (3.1.9a)
)
(C:\Program Files\MiKTeX\tex/generic/pgf/basiclayer\pgfcorepathprocessing.code.
tex
File: pgfcorepathprocessing.code.tex 2021/05/15 v3.1.9a (3.1.9a)
) (C:\Program Files\MiKTeX\tex/generic/pgf/basiclayer\pgfcorearrows.code.tex
File: pgfcorearrows.code.tex 2021/05/15 v3.1.9a (3.1.9a)
\pgfarrowsep=\dimen269
) (C:\Program Files\MiKTeX\tex/generic/pgf/basiclayer\pgfcoreshade.code.tex
File: pgfcoreshade.code.tex 2021/05/15 v3.1.9a (3.1.9a)
\pgf@max=\dimen270
\pgf@sys@shading@range@num=\count326
\pgf@shadingcount=\count327
)
(C:\Program Files\MiKTeX\tex/generic/pgf/basiclayer\pgfcoreimage.code.tex
File: pgfcoreimage.code.tex 2021/05/15 v3.1.9a (3.1.9a)

(C:\Program Files\MiKTeX\tex/generic/pgf/basiclayer\pgfcoreexternal.code.tex
File: pgfcoreexternal.code.tex 2021/05/15 v3.1.9a (3.1.9a)
\pgfexternal@startupbox=\box68
))
(C:\Program Files\MiKTeX\tex/generic/pgf/basiclayer\pgfcorelayers.code.tex
File: pgfcorelayers.code.tex 2021/05/15 v3.1.9a (3.1.9a)
)
(C:\Program Files\MiKTeX\tex/generic/pgf/basiclayer\pgfcoretransparency.code.te
x
File: pgfcoretransparency.code.tex 2021/05/15 v3.1.9a (3.1.9a)
) (C:\Program Files\MiKTeX\tex/generic/pgf/basiclayer\pgfcorepatterns.code.tex
File: pgfcorepatterns.code.tex 2021/05/15 v3.1.9a (3.1.9a)
) (C:\Program Files\MiKTeX\tex/generic/pgf/basiclayer\pgfcorerdf.code.tex
File: pgfcorerdf.code.tex 2021/05/15 v3.1.9a (3.1.9a)
)))
(C:\Program Files\MiKTeX\tex/generic/pgf/modules\pgfmoduleshapes.code.tex
File: pgfmoduleshapes.code.tex 2021/05/15 v3.1.9a (3.1.9a)
\pgfnodeparttextbox=\box69
)
(C:\Program Files\MiKTeX\tex/generic/pgf/modules\pgfmoduleplot.code.tex
File: pgfmoduleplot.code.tex 2021/05/15 v3.1.9a (3.1.9a)
)
(C:\Program Files\MiKTeX\tex/latex/pgf/compatibility\pgfcomp-version-0-65.sty
Package: pgfcomp-version-0-65 2021/05/15 v3.1.9a (3.1.9a)
\pgf@nodesepstart=\dimen271
\pgf@nodesepend=\dimen272
)
(C:\Program Files\MiKTeX\tex/latex/pgf/compatibility\pgfcomp-version-1-18.sty
Package: pgfcomp-version-1-18 2021/05/15 v3.1.9a (3.1.9a)
)) (C:\Program Files\MiKTeX\tex/latex/pgf/utilities\pgffor.sty
(C:\Program Files\MiKTeX\tex/latex/pgf/utilities\pgfkeys.sty
(C:\Program Files\MiKTeX\tex/generic/pgf/utilities\pgfkeys.code.tex))
(C:\Program Files\MiKTeX\tex/latex/pgf/math\pgfmath.sty
(C:\Program Files\MiKTeX\tex/generic/pgf/math\pgfmath.code.tex))
(C:\Program Files\MiKTeX\tex/generic/pgf/utilities\pgffor.code.tex
Package: pgffor 2021/05/15 v3.1.9a (3.1.9a)

(C:\Program Files\MiKTeX\tex/generic/pgf/math\pgfmath.code.tex)
\pgffor@iter=\dimen273
\pgffor@skip=\dimen274
\pgffor@stack=\toks41
\pgffor@toks=\toks42
))
(C:\Program Files\MiKTeX\tex/generic/pgf/frontendlayer/tikz\tikz.code.tex
Package: tikz 2021/05/15 v3.1.9a (3.1.9a)

(C:\Program Files\MiKTeX\tex/generic/pgf/libraries\pgflibraryplothandlers.code.
tex
File: pgflibraryplothandlers.code.tex 2021/05/15 v3.1.9a (3.1.9a)
\pgf@plot@mark@count=\count328
\pgfplotmarksize=\dimen275
)
\tikz@lastx=\dimen276
\tikz@lasty=\dimen277
\tikz@lastxsaved=\dimen278
\tikz@lastysaved=\dimen279
\tikz@lastmovetox=\dimen280
\tikz@lastmovetoy=\dimen281
\tikzleveldistance=\dimen282
\tikzsiblingdistance=\dimen283
\tikz@figbox=\box70
\tikz@figbox@bg=\box71
\tikz@tempbox=\box72
\tikz@tempbox@bg=\box73
\tikztreelevel=\count329
\tikznumberofchildren=\count330
\tikznumberofcurrentchild=\count331
\tikz@fig@count=\count332
 (C:\Program Files\MiKTeX\tex/generic/pgf/modules\pgfmodulematrix.code.tex
File: pgfmodulematrix.code.tex 2021/05/15 v3.1.9a (3.1.9a)
\pgfmatrixcurrentrow=\count333
\pgfmatrixcurrentcolumn=\count334
\pgf@matrix@numberofcolumns=\count335
)
\tikz@expandcount=\count336

(C:\Program Files\MiKTeX\tex/generic/pgf/frontendlayer/tikz/libraries\tikzlibra
rytopaths.code.tex
File: tikzlibrarytopaths.code.tex 2021/05/15 v3.1.9a (3.1.9a)
))) (C:\Program Files\MiKTeX\tex/latex/forest\forest.sty
Package: forest 2017/07/14 v2.1.5 Drawing (linguistic) trees

(C:\Program Files\MiKTeX\tex/generic/pgf/frontendlayer/tikz/libraries\tikzlibra
ryshapes.code.tex
File: tikzlibraryshapes.code.tex 2021/05/15 v3.1.9a (3.1.9a)

(C:\Program Files\MiKTeX\tex/generic/pgf/frontendlayer/tikz/libraries\tikzlibra
ryshapes.geometric.code.tex
File: tikzlibraryshapes.geometric.code.tex 2021/05/15 v3.1.9a (3.1.9a)

(C:\Program Files\MiKTeX\tex/generic/pgf/libraries/shapes\pgflibraryshapes.geom
etric.code.tex
File: pgflibraryshapes.geometric.code.tex 2021/05/15 v3.1.9a (3.1.9a)
))
(C:\Program Files\MiKTeX\tex/generic/pgf/frontendlayer/tikz/libraries\tikzlibra
ryshapes.misc.code.tex
File: tikzlibraryshapes.misc.code.tex 2021/05/15 v3.1.9a (3.1.9a)

(C:\Program Files\MiKTeX\tex/generic/pgf/libraries/shapes\pgflibraryshapes.misc
.code.tex
File: pgflibraryshapes.misc.code.tex 2021/05/15 v3.1.9a (3.1.9a)
))
(C:\Program Files\MiKTeX\tex/generic/pgf/frontendlayer/tikz/libraries\tikzlibra
ryshapes.symbols.code.tex
File: tikzlibraryshapes.symbols.code.tex 2021/05/15 v3.1.9a (3.1.9a)

(C:\Program Files\MiKTeX\tex/generic/pgf/libraries/shapes\pgflibraryshapes.symb
ols.code.tex
File: pgflibraryshapes.symbols.code.tex 2021/05/15 v3.1.9a (3.1.9a)
))
(C:\Program Files\MiKTeX\tex/generic/pgf/frontendlayer/tikz/libraries\tikzlibra
ryshapes.arrows.code.tex
File: tikzlibraryshapes.arrows.code.tex 2021/05/15 v3.1.9a (3.1.9a)

(C:\Program Files\MiKTeX\tex/generic/pgf/libraries/shapes\pgflibraryshapes.arro
ws.code.tex
File: pgflibraryshapes.arrows.code.tex 2021/05/15 v3.1.9a (3.1.9a)
))
(C:\Program Files\MiKTeX\tex/generic/pgf/frontendlayer/tikz/libraries\tikzlibra
ryshapes.callouts.code.tex
(C:\Program Files\MiKTeX\tex/generic/pgf/libraries/shapes\pgflibraryshapes.call
outs.code.tex))
(C:\Program Files\MiKTeX\tex/generic/pgf/frontendlayer/tikz/libraries\tikzlibra
ryshapes.multipart.code.tex
File: tikzlibraryshapes.multipart.code.tex 2021/05/15 v3.1.9a (3.1.9a)

(C:\Program Files\MiKTeX\tex/generic/pgf/libraries/shapes\pgflibraryshapes.mult
ipart.code.tex
File: pgflibraryshapes.multipart.code.tex 2021/05/15 v3.1.9a (3.1.9a)
\pgfnodepartlowerbox=\box74
\pgfnodeparttwobox=\box75
\pgfnodepartthreebox=\box76
\pgfnodepartfourbox=\box77
\pgfnodeparttwentybox=\box78
\pgfnodepartnineteenbox=\box79
\pgfnodeparteighteenbox=\box80
\pgfnodepartseventeenbox=\box81
\pgfnodepartsixteenbox=\box82
\pgfnodepartfifteenbox=\box83
\pgfnodepartfourteenbox=\box84
\pgfnodepartthirteenbox=\box85
\pgfnodeparttwelvebox=\box86
\pgfnodepartelevenbox=\box87
\pgfnodeparttenbox=\box88
\pgfnodepartninebox=\box89
\pgfnodeparteightbox=\box90
\pgfnodepartsevenbox=\box91
\pgfnodepartsixbox=\box92
\pgfnodepartfivebox=\box93
)))
(C:\Program Files\MiKTeX\tex/generic/pgf/frontendlayer/tikz/libraries\tikzlibra
ryfit.code.tex
File: tikzlibraryfit.code.tex 2021/05/15 v3.1.9a (3.1.9a)
)
(C:\Program Files\MiKTeX\tex/generic/pgf/frontendlayer/tikz/libraries\tikzlibra
rycalc.code.tex
File: tikzlibrarycalc.code.tex 2021/05/15 v3.1.9a (3.1.9a)
)
(C:\Program Files\MiKTeX\tex/generic/pgf/libraries\pgflibraryintersections.code
.tex (C:\Program Files\MiKTeX\tex/generic/pgf/libraries\pgflibraryfpu.code.tex)
\pgf@intersect@solutions=\count337
) (C:\Program Files\MiKTeX\tex/latex/pgfopts\pgfopts.sty
Package: pgfopts 2014/07/10 v2.1a LaTeX package options with pgfkeys
\pgfopts@list@add@a@toks=\toks43
\pgfopts@list@add@b@toks=\toks44
)
(C:\Program Files\MiKTeX\tex/latex/elocalloc\elocalloc.sty
Package: elocalloc 2016/12/15 v0.03 local allocation for LaTeX 2015+ (DPC)
)
(C:\Program Files\MiKTeX\tex/latex/environ\environ.sty
Package: environ 2014/05/04 v0.3 A new way to define environments

(C:\Program Files\MiKTeX\tex/latex/trimspaces\trimspaces.sty
Package: trimspaces 2009/09/17 v1.1 Trim spaces around a token list
))
(C:\Program Files\MiKTeX\tex/latex/inlinedef\inlinedef.sty
Package: inlinedef 2008/07/10 v1.0 Inlined expansions within definitions
\ID@toks=\toks45
\ID@count=\count338
)
\ID@usercommands=\toks46
\safeloop@depth=\count339
\safeRKloop@depth=\count340
\forest@temp@dimen=\dimen284
\forest@temp@count=\count341
\forest@n=\count342
\forest@temp@global@count=\count343
\forest@temp@toks=\toks47
\forest@temparray@M=\count344
\forest@temparray@N=\count345
\forest@global@temparray@M=\count346
\forest@global@temparray@N=\count347
\forest@isnum@count=\count348
\forest@isdim@nonintpart=\count349
\forest@isdim@dimen=\dimen285
\forest@sort@m=\count350
\forest@sort@k=\count351
\forest@sort@p=\count352
\bracket@content=\toks48
\bracket@afterthought=\toks49
\forest@node@maxid=\count353
\forest@process@left@M=\count354
\forest@process@left@N=\count355
\forest@process@right@M=\count356
\forest@process@right@N=\count357
\forest@process@saved@M=\count358
\forest@process@saved@N=\count359
\forest@process@result@M=\count360
\forest@process@result@N=\count361
\forest@process@n=\count362
\forest@nodewalk@branch@toks=\toks50
\forest@nodewalk@shortsteps@resolution=\toks51
\forest@do@dynamics=\toks52
\forest@box=\box94
\forest@xg=\dimen286
\forest@yg=\dimen287
\forest@xs=\dimen288
\forest@ys=\dimen289
\forest@pi@toks=\toks53
\forest@segment@toks=\toks54
\forest@PIi@toks=\toks55
\forest@PIii@toks=\toks56
\forest@copy@in=\read3
\forest@copy@out=\write4
\forest@externalize@max@outer@n=\count363
\forest@externalize@inner@n=\count364
)
(C:\Program Files\MiKTeX\tex/latex/listings\listings.sty
\lst@mode=\count365
\lst@gtempboxa=\box95
\lst@token=\toks57
\lst@length=\count366
\lst@currlwidth=\dimen290
\lst@column=\count367
\lst@pos=\count368
\lst@lostspace=\dimen291
\lst@width=\dimen292
\lst@newlines=\count369
\lst@lineno=\count370
\lst@maxwidth=\dimen293

(C:\Program Files\MiKTeX\tex/latex/listings\lstmisc.sty
File: lstmisc.sty 2020/03/24 1.8d (Carsten Heinz)
\c@lstnumber=\count371
\lst@skipnumbers=\count372
\lst@framebox=\box96
)
(C:\Program Files\MiKTeX\tex/latex/listings\listings.cfg
File: listings.cfg 2020/03/24 1.8d listings configuration
))
Package: listings 2020/03/24 1.8d (Carsten Heinz)

(C:\Program Files\MiKTeX\tex/latex/algorithms\algorithm.sty
Invalid UTF-8 byte or sequence at line 11 replaced by U+FFFD.
Package: algorithm 2009/08/24 v0.1 Document Style `algorithm' - floating enviro
nment

(C:\Program Files\MiKTeX\tex/latex/base\ifthen.sty
Package: ifthen 2020/11/24 v1.1c Standard LaTeX ifthen package (DPC)
)
\@float@every@algorithm=\toks58
\c@algorithm=\count373
)
(C:\Program Files\MiKTeX\tex/latex/algorithmicx\algpseudocode.sty
Package: algpseudocode 

(C:\Program Files\MiKTeX\tex/latex/algorithmicx\algorithmicx.sty
Package: algorithmicx 2005/04/27 v1.2 Algorithmicx

Document Style algorithmicx 1.2 - a greatly improved `algorithmic' style
\c@ALG@line=\count374
\c@ALG@rem=\count375
\c@ALG@nested=\count376
\ALG@tlm=\skip68
\ALG@thistlm=\skip69
\c@ALG@Lnr=\count377
\c@ALG@blocknr=\count378
\c@ALG@storecount=\count379
\c@ALG@tmpcounter=\count380
\ALG@tmplength=\skip70
)
Document Style - pseudocode environments for use with the `algorithmicx' style
) (C:\Program Files\MiKTeX\tex/latex/chngcntr\chngcntr.sty
Package: chngcntr 2018/04/09 v1.1a change counter resetting
Package chngcntr Info: \counterwithout already defined.
(chngcntr)             Quitting chngcntr on input line 21.
)
(C:\Program Files\MiKTeX\tex/latex/wasysym\wasysym.sty
Package: wasysym 2020/01/19 v2.4 Wasy-2 symbol support package
\symwasy=\mathgroup6
LaTeX Font Info:    Overwriting symbol font `wasy' in version `bold'
(Font)                  U/wasy/m/n --> U/wasy/b/n on input line 93.
)
(C:\Program Files\MiKTeX\tex/latex/mathtools\mathtools.sty
Package: mathtools 2021/04/12 v1.27 mathematical typesetting tools

(C:\Program Files\MiKTeX\tex/latex/tools\calc.sty
Package: calc 2017/05/25 v4.3 Infix arithmetic (KKT,FJ)
\calc@Acount=\count381
\calc@Bcount=\count382
\calc@Adimen=\dimen294
\calc@Bdimen=\dimen295
\calc@Askip=\skip71
\calc@Bskip=\skip72
LaTeX Info: Redefining \setlength on input line 80.
LaTeX Info: Redefining \addtolength on input line 81.
\calc@Ccount=\count383
\calc@Cskip=\skip73
)
(C:\Program Files\MiKTeX\tex/latex/mathtools\mhsetup.sty
Package: mhsetup 2021/03/18 v1.4 programming setup (MH)
)
LaTeX Info: Thecontrolsequence`\('isalreadyrobust on input line 130.
LaTeX Info: Thecontrolsequence`\)'isalreadyrobust on input line 130.
LaTeX Info: Thecontrolsequence`\['isalreadyrobust on input line 130.
LaTeX Info: Thecontrolsequence`\]'isalreadyrobust on input line 130.
\g_MT_multlinerow_int=\count384
\l_MT_multwidth_dim=\dimen296
\origjot=\skip74
\l_MT_shortvdotswithinadjustabove_dim=\dimen297
\l_MT_shortvdotswithinadjustbelow_dim=\dimen298
\l_MT_above_intertext_sep=\dimen299
\l_MT_below_intertext_sep=\dimen300
\l_MT_above_shortintertext_sep=\dimen301
\l_MT_below_shortintertext_sep=\dimen302
\xmathstrut@box=\box97
\xmathstrut@dim=\dimen303
)
(C:\Program Files\MiKTeX\tex/latex/siunitx\siunitx.sty
Package: siunitx 2021-11-18 v3.0.36 A comprehensive (SI) units package
\l__siunitx_angle_tmp_dim=\dimen304
\l__siunitx_angle_marker_box=\box98
\l__siunitx_angle_unit_box=\box99
\l__siunitx_compound_count_int=\count385

(C:\Program Files\MiKTeX\tex/latex/translations\translations.sty
Package: translations 2021/01/17 v1.10a internationalization of LaTeX2e package
s (CN)
)
\l__siunitx_number_exponent_fixed_int=\count386
\l__siunitx_number_min_decimal_int=\count387
\l__siunitx_number_min_integer_int=\count388
\l__siunitx_number_round_precision_int=\count389
\l__siunitx_number_group_minimum_int=\count390
\l__siunitx_table_tmp_box=\box100
\l__siunitx_table_tmp_dim=\dimen305
\l__siunitx_table_column_width_dim=\dimen306
\l__siunitx_table_integer_box=\box101
\l__siunitx_table_decimal_box=\box102
\l__siunitx_table_before_box=\box103
\l__siunitx_table_after_box=\box104
\l__siunitx_table_before_dim=\dimen307
\l__siunitx_table_carry_dim=\dimen308
\l__siunitx_unit_tmp_int=\count391
\l__siunitx_unit_position_int=\count392
\l__siunitx_unit_total_int=\count393
)
(C:\Program Files\MiKTeX\tex/latex/tools\tabularx.sty
Package: tabularx 2020/01/15 v2.11c `tabularx' package (DPC)
\TX@col@width=\dimen309
\TX@old@table=\dimen310
\TX@old@col=\dimen311
\TX@target=\dimen312
\TX@delta=\dimen313
\TX@cols=\count394
\TX@ftn=\toks59
)
(C:\Program Files\MiKTeX\tex/xelatex/xepersian\xepersian.sty
Package: xepersian 2020/05/17 v23.1 Persian typesetting in XeLaTeX

(C:\Program Files\MiKTeX\tex/xelatex/xepersian\xepersian-persiancal.sty
Package: xepersian-persiancal 2012/07/25 v0.2 provides Persian calendar
\XePersian@i=\count395
\XePersian@y=\count396
\XePersian@m=\count397
\XePersian@d=\count398
\XePersian@latini=\count399
\XePersian@persiani=\count400
\XePersian@latinii=\count401
\XePersian@persianii=\count402
\XePersian@latiniii=\count403
\XePersian@persianiii=\count404
\XePersian@latiniv=\count405
\XePersian@persianiv=\count406
\XePersian@latinv=\count407
\XePersian@persianv=\count408
\XePersian@latinvi=\count409
\XePersian@persianvi=\count410
\XePersian@latinvii=\count411
\XePersian@persianvii=\count412
\XePersian@latinviii=\count413
\XePersian@persianviii=\count414
\XePersian@latinix=\count415
\XePersian@persianix=\count416
\XePersian@latinx=\count417
\XePersian@persianx=\count418
\XePersian@latinxi=\count419
\XePersian@persianxi=\count420
\XePersian@latinxii=\count421
\XePersian@persianxii=\count422
\XePersian@persianxiii=\count423
\XePersian@temp=\count424
\XePersian@temptwo=\count425
\XePersian@tempthree=\count426
\XePersian@yModHundred=\count427
\XePersian@thirtytwo=\count428
\XePersian@dn=\count429
\XePersian@sn=\count430
\XePersian@mminusone=\count431
)
(C:\Program Files\MiKTeX\tex/xelatex/xepersian\xepersian-mathsdigitspec.sty
Package: xepersian-mathsdigitspec 2018/12/16 v1.1.7 Unicode Persian maths digit
s in XeLaTeX
)
(C:\Program Files\MiKTeX\tex/xelatex/bidi\bidi.sty
Package: bidi 2020/05/17 v36.3 Bidirectional typesetting in plain TeX and LaTeX


****************************************************
* 
* bidi package (Bidirectional typesetting in
* plain TeX and LaTeX, using XeTeX engine)
* 
* Description: A convenient interface for
* typesetting bidirectional texts in plain TeX
* and LaTeX. The package includes adaptations
* for use with many other commonly-used packages.
* 
* Copyright (c) 2007--2020 Vafa Khalighi
* Copyright (c) 2018--2020 bidi-tex GitHub organization
* 
* v36.3, 2020/05/17
* 
* License: LaTeX Project Public License, version
* 1.3c or higher (your choice)
* 
* Location on CTAN: /macros/xetex/latex/bidi
* 
* Issue tracker: https://github.com/persiantex/bidi/issues
* 
* Primary author of bidi package: Vafa Khalighi.
* 
****************************************************
(C:\Program Files\MiKTeX\tex/xelatex/bidi\biditools.sty
Package: biditools 2020/05/13 v2 Programming tools for bidi package
\@bidi@envbody=\toks60
\@bidi@emptytoks=\toks61
\bidi@poscount=\count432


Package biditools Warning: Patching `\enddocument' failed on input line 916.

\bidi@tempcountb=\count433
\bidi@temptoksa=\toks62
\bidi@temptoksb=\toks63
\bidi@dummies=\count434
\bidi@are@these@correct=\toks64
\bidi@toks@lista=\toks65
\bidi@toks@listb=\toks66
\bidi@stack@length=\count435
\bidi@empty@stack=\toks67
\bidi@looprepeat@depth=\count436
) (C:\Program Files\MiKTeX\tex/latex/zref\zref-abspage.sty
Package: zref-abspage 2020-07-03 v2.32 Module abspage for zref (HO)

(C:\Program Files\MiKTeX\tex/latex/zref\zref-base.sty
Package: zref-base 2020-07-03 v2.32 Module base for zref (HO)
Package zref Info: New property list: main on input line 764.
Package zref Info: New property: default on input line 765.
Package zref Info: New property: page on input line 766.
)
\c@abspage=\count437
Package zref Info: New property: abspage on input line 66.
)
(C:\Program Files\MiKTeX\tex/latex/xkeyval\xkeyval.sty
Package: xkeyval 2020/11/20 v2.8 package option processing (HA)

(C:\Program Files\MiKTeX\tex/generic/xkeyval\xkeyval.tex
(C:\Program Files\MiKTeX\tex/generic/xkeyval\xkvutils.tex
\XKV@toks=\toks68
\XKV@tempa@toks=\toks69
)
\XKV@depth=\count438
File: xkeyval.tex 2014/12/03 v2.7a key=value parser (HA)
))
\@bidi@copyins@=\insert252

(C:\Program Files\MiKTeX\tex/xelatex/bidi\latex-xetex-bidi.def
File: latex-xetex-bidi.def 2019/03/03 v1.3.7 bidi adaptations for `latex.ltx' f
or XeTeX engine
\bidi@n@everypar=\toks70
\bidi@column@check@number=\count439

(C:\Program Files\MiKTeX\tex/xelatex/bidi\footnote-xetex-bidi.def
File: footnote-xetex-bidi.def 2017/08/09 v1.1 bidi footnote macros for XeTeX en
gine
\c@footdir@label=\count440
\footdir@toks=\toks71
)
(C:\Program Files\MiKTeX\tex/xelatex/bidi\report-xetex-bidi.def
File: report-xetex-bidi.def 2017/06/09 v0.8 bidi adaptations for standard repor
t class for XeTeX engine
)
(C:\Program Files\MiKTeX\tex/xelatex/bidi\mathtools-xetex-bidi.def
File: mathtools-xetex-bidi.def 2018/01/07 v0.1 bidi adaptations for mathtools p
ackage for XeTeX engine
)
(C:\Program Files\MiKTeX\tex/xelatex/bidi\amsmath-xetex-bidi.def
File: amsmath-xetex-bidi.def 2020/05/16 v1.2 bidi adaptations for amsmath packa
ge for XeTeX engine
)
(C:\Program Files\MiKTeX\tex/xelatex/bidi\amstext-xetex-bidi.def
File: amstext-xetex-bidi.def 2016/09/12 v0.2 bidi adaptations for amstext packa
ge for XeTeX engine
)
(C:\Program Files\MiKTeX\tex/xelatex/bidi\color-xetex-bidi.def
File: color-xetex-bidi.def 2013/04/08 v0.2 bidi adaptations for color package f
or XeTeX engine
LaTeX Info: Redefining \color on input line 47.
)
(C:\Program Files\MiKTeX\tex/xelatex/bidi\xcolor-xetex-bidi.def
File: xcolor-xetex-bidi.def 2013/04/08 v0.2 bidi adaptations for xcolor package
 for XeTeX engine
LaTeX Info: Redefining \color on input line 46.
LaTeX Info: Redefining \bidicolor on input line 89.
)
(C:\Program Files\MiKTeX\tex/xelatex/bidi\colortbl-xetex-bidi.def
File: colortbl-xetex-bidi.def 2012/06/10 v0.2 bidi adaptations for colortbl pac
kage for XeTeX engine
)
(C:\Program Files\MiKTeX\tex/xelatex/bidi\float-xetex-bidi.def
File: float-xetex-bidi.def 2013/04/04 v0.2 bidi adaptations for float package f
or XeTeX engine
)
(C:\Program Files\MiKTeX\tex/xelatex/bidi\wrapfig-xetex-bidi.def
File: wrapfig-xetex-bidi.def 2014/04/23 v0.3 bidi adaptations for wrapfig packa
ge for XeTeX engine
)
(C:\Program Files\MiKTeX\tex/xelatex/bidi\graphicx-xetex-bidi.def
File: graphicx-xetex-bidi.def 2017/06/17 v0.5 bidi adaptations for graphicx pac
kage for XeTeX engine
)
(C:\Program Files\MiKTeX\tex/xelatex/bidi\geometry-xetex-bidi.def
File: geometry-xetex-bidi.def 2017/01/14 v0.2 bidi adaptations for geometry pac
kage for XeTeX engine
)
(C:\Program Files\MiKTeX\tex/xelatex/bidi\tabularx-xetex-bidi.def
File: tabularx-xetex-bidi.def 2014/11/08 v0.1 bidi adaptations for tabularx pac
kage for XeTeX engine
)
(C:\Program Files\MiKTeX\tex/xelatex/bidi\hyperref-xetex-bidi.def
File: hyperref-xetex-bidi.def 2018/11/11 v1.1 bidi adaptations for hyperref pac
kage for XeTeX engine
)
(C:\Program Files\MiKTeX\tex/xelatex/bidi\fancyhdr-xetex-bidi.def
File: fancyhdr-xetex-bidi.def 2018/02/15 v0.7 bidi adaptations for fancyhdr pac
kage for XeTeX engine
)
(C:\Program Files\MiKTeX\tex/xelatex/bidi\listings-xetex-bidi.def
File: listings-xetex-bidi.def 2018/09/15 v1.5 bidi adaptations for listings pac
kage for XeTeX engine
)
(C:\Program Files\MiKTeX\tex/xelatex/bidi\pgfcorescopes.code-xetex-bidi.def
File: pgfcorescopes.code-xetex-bidi.def 2015/11/14 v0.1 bidi adaptations for pg
f package for XeTeX engine
)
(C:\Program Files\MiKTeX\tex/xelatex/bidi\array-xetex-bidi.def
File: array-xetex-bidi.def 2015/11/07 v0.3 bidi adaptations for array package f
or XeTeX engine
)
(C:\Program Files\MiKTeX\tex/xelatex/bidi\natbib-xetex-bidi.def
File: natbib-xetex-bidi.def 2017/06/09 v0.2 bidi adaptations for natbib package
 for XeTeX engine
))
(C:\Program Files\MiKTeX\tex/xelatex/bidi\loadingorder-xetex-bidi.def
File: loadingorder-xetex-bidi.def 2017/12/29 v0.97 making sure that bidi is the
 last package loaded
)
\bidi@digits=\count441
\bidi@digits@charclass=\XeTeXcharclass1
\bidi@sepmark@charclass=\XeTeXcharclass2
)
****************************************************
* 
* xepersian package (Persian for LaTeX, using XeTeX engine)
* 
* Description: The package supports Persian
* typesetting, using fonts provided in the
* distribution.
* 
* Copyright (c) 2008--2020 Vafa Khalighi
* Copyright (c) 2018--2020 bidi-tex GitHub Organization
* 
* v23.1, 2020/05/17
* 
* License: LaTeX Project Public License, version
* 1.3c or higher (your choice)
* 
* Location on CTAN: /macros/xetex/latex/xepersian
* 
* Issue tracker: https://github.com/persiantex/xepersian/issues
* 
* Primary author of xepersian package: Vafa Khalighi.
* 
****************************************************
\xepersian@tcl=\count442
\xepersian@ilg=\dimen314
\xepersian@strutilg=\dimen315
(C:\Program Files\MiKTeX\tex/xelatex/xepersian\loadingorder-xepersian.def
File: loadingorder-xepersian.def 2018/09/29 v0.5 making sure that xepersian is 
the last package loaded
)
(C:\Program Files\MiKTeX\tex/xelatex/xepersian\footnote-xepersian.def
File: footnote-xepersian.def 2017/08/09 v0.6 footnote macros for xepersian pack
age
)
(C:\Program Files\MiKTeX\tex/xelatex/xepersian\listings-xepersian.def
File: listings-xepersian.def 2014/07/17 v0.3 bilingual captions for listings pa
ckage
)
(C:\Program Files\MiKTeX\tex/xelatex/xepersian\algorithm-xepersian.def
File: algorithm-xepersian.def 2010/07/25 v0.2 adaptations for algorithm package

)
(C:\Program Files\MiKTeX\tex/xelatex/xepersian\enumerate-xepersian.def
File: enumerate-xepersian.def 2010/07/25 v0.1 adaptations for enumerate package

)
(C:\Program Files\MiKTeX\tex/xelatex/xepersian\enumitem-xepersian.def
File: enumitem-xepersian.def 2017/09/06 v0.1 adaptations for enumitem package
)
(C:\Program Files\MiKTeX\tex/xelatex/xepersian\hyperref-xepersian.def
File: hyperref-xepersian.def 2015/02/02 v0.6 bilingual captions for hyperref pa
ckage
)
(C:\Program Files\MiKTeX\tex/xelatex/xepersian\natbib-xepersian.def
File: natbib-xepersian.def 2011/08/01 v0.1 adaptations for natbib package
LaTeX Info: Redefining \Latincite on input line 243.
)
(C:\Program Files\MiKTeX\tex/xelatex/xepersian\tikz.code-xepersian.def
File: tikz.code-xepersian.def 2020/05/17 v0.2 adaptations for tikz.code.tex fil
e
)
(C:\Program Files\MiKTeX\tex/xelatex/xepersian\report-xepersian.def
File: report-xepersian.def 2010/07/25 v0.2 adaptations for standard report clas
s
)

Package fontspec Info: Font family 'lmroman10-regular(0)' created for font
(fontspec)             'lmroman10-regular' with options
(fontspec)             [Ligatures=TeX,Path,BoldFont={lmroman10-bold},BoldItalic
Font={lmroman10-bolditalic},ItalicFont={lmroman10-italic},SmallCapsFont={lmroma
ncaps10-regular},SlantedFont={lmromanslant10-regular},BoldSlantedFont={lmromans
lant10-bold}].
(fontspec)              
(fontspec)              This font family consists of the following NFSS
(fontspec)             series/shapes:
(fontspec)              
(fontspec)             - 'normal' (m/n) with NFSS spec.:
(fontspec)             <->"[lmroman10-regular]/OT:script=latn;language=dflt;map
ping=tex-text;"
(fontspec)             - 'small caps'  (m/sc) with NFSS spec.:
(fontspec)             <->"[lmromancaps10-regular]/OT:script=latn;language=dflt
;mapping=tex-text;"
(fontspec)             - 'bold' (b/n) with NFSS spec.:
(fontspec)             <->"[lmroman10-bold]/OT:script=latn;language=dflt;mappin
g=tex-text;"
(fontspec)             - 'bold small caps'  (b/sc) with NFSS spec.:
(fontspec)             <->"[lmromancaps10-regular]/OT:script=latn;language=dflt
;mapping=tex-text;"
(fontspec)             - 'italic' (m/it) with NFSS spec.:
(fontspec)             <->"[lmroman10-italic]/OT:script=latn;language=dflt;mapp
ing=tex-text;"
(fontspec)             - 'italic small caps'  (m/scit) with NFSS spec.:
(fontspec)             <->"[lmromancaps10-regular]/OT:script=latn;language=dflt
;mapping=tex-text;"
(fontspec)             - 'slanted' (m/sl) with NFSS spec.:
(fontspec)             <->"[lmromanslant10-regular]/OT:script=latn;language=dfl
t;mapping=tex-text;"
(fontspec)             - 'slanted small caps'  (m/scsl) with NFSS spec.:
(fontspec)             <->"[lmromancaps10-regular]/OT:script=latn;language=dflt
;mapping=tex-text;"
(fontspec)             - 'bold italic' (b/it) with NFSS spec.:
(fontspec)             <->"[lmroman10-bolditalic]/OT:script=latn;language=dflt;
mapping=tex-text;"
(fontspec)             - 'bold italic small caps'  (b/scit) with NFSS spec.:
(fontspec)             <->"[lmromancaps10-regular]/OT:script=latn;language=dflt
;mapping=tex-text;"
(fontspec)             - 'bold slanted' (b/sl) with NFSS spec.:
(fontspec)             <->"[lmromanslant10-bold]/OT:script=latn;language=dflt;m
apping=tex-text;"
(fontspec)             - 'bold slanted small caps'  (b/scsl) with NFSS spec.:
(fontspec)             <->"[lmromancaps10-regular]/OT:script=latn;language=dflt
;mapping=tex-text;"

)

Package fontspec Info: Font family 'BahijNazanin(0)' created for font 'Bahij
(fontspec)             Nazanin' with options
(fontspec)             [Script=Persian,Ligatures=PersianTeX,Ligatures=TeX,Scale
=1,Path
(fontspec)             =
(fontspec)             fonts/,UprightFont={*-Regular.ttf},BoldFont={*-Bold.ttf}
].
(fontspec)              
(fontspec)              This font family consists of the following NFSS
(fontspec)             series/shapes:
(fontspec)              
(fontspec)             - 'normal' (m/n) with NFSS spec.: <->s*[1]"[fonts/Bahij
(fontspec)             Nazanin-Regular.ttf]/OT:script=arab;language=dflt;mappin
g=tex-text;"
(fontspec)             - 'small caps'  (m/sc) with NFSS spec.: 
(fontspec)             - 'bold' (b/n) with NFSS spec.: <->s*[1]"[fonts/Bahij
(fontspec)             Nazanin-Bold.ttf]/OT:script=arab;language=dflt;mapping=t
ex-text;"
(fontspec)             - 'bold small caps'  (b/sc) with NFSS spec.: 

LaTeX Font Info:    Font shape `TU/BahijNazanin(0)/m/n' will be
(Font)              scaled to size 12.0pt on input line 56.

Package fontspec Info: Font family 'BahijNazanin-Regular.ttf(0)' created for
(fontspec)             font 'Bahij Nazanin-Regular.ttf' with options
(fontspec)             [Script=Persian,Ligatures=PersianTeX,Ligatures=TeX,Scale
=1,Path
(fontspec)             = fonts/].
(fontspec)              
(fontspec)              This font family consists of the following NFSS
(fontspec)             series/shapes:
(fontspec)              
(fontspec)             - 'normal' (m/n) with NFSS spec.: <->s*[1]"[fonts/Bahij
(fontspec)             Nazanin-Regular.ttf]/OT:script=arab;language=dflt;mappin
g=tex-text;"
(fontspec)             - 'small caps'  (m/sc) with NFSS spec.: 


Package fontspec Info: Font family 'BahijNazanin-Regular.ttf(1)' created for
(fontspec)             font 'Bahij Nazanin-Regular.ttf' with options
(fontspec)             [Ligatures=PersianTeX,Ligatures=TeX,Scale=1,Path =
(fontspec)             fonts/].
(fontspec)              
(fontspec)              This font family consists of the following NFSS
(fontspec)             series/shapes:
(fontspec)              
(fontspec)             - 'normal' (m/n) with NFSS spec.: <->s*[1]"[fonts/Bahij
(fontspec)             Nazanin-Regular.ttf]/OT:script=latn;language=dflt;mappin
g=tex-text;"
(fontspec)             - 'small caps'  (m/sc) with NFSS spec.: 

Package xepersian-mathsdigitspec Info: DefiningthedefaultPersianmathsdigitsfont
as'Bahij Nazanin-Regular.ttf' on input line 58.
\symOPERATORS=\mathgroup7
\symnew@mathbf@font@digits=\mathgroup8
\symnew@mathit@font@digits=\mathgroup9
\symnew@mathrm@font@digits=\mathgroup10

Package fontspec Info: Font family 'BahijNazanin(1)' created for font 'Bahij
(fontspec)             Nazanin' with options
(fontspec)             [Ligatures=TeX,Ligatures=TeX,Scale=1,Path =
(fontspec)             fonts/,UprightFont={*-Regular.ttf},BoldFont={*-Bold.ttf}
].
(fontspec)              
(fontspec)              This font family consists of the following NFSS
(fontspec)             series/shapes:
(fontspec)              
(fontspec)             - 'normal' (m/n) with NFSS spec.: <->s*[1]"[fonts/Bahij
(fontspec)             Nazanin-Regular.ttf]/OT:script=latn;language=dflt;mappin
g=tex-text;"
(fontspec)             - 'small caps'  (m/sc) with NFSS spec.: 
(fontspec)             - 'bold' (b/n) with NFSS spec.: <->s*[1]"[fonts/Bahij
(fontspec)             Nazanin-Bold.ttf]/OT:script=latn;language=dflt;mapping=t
ex-text;"
(fontspec)             - 'bold small caps'  (b/sc) with NFSS spec.: 

LaTeX Info: Redefining \latinfont on input line 60.


Package hyperref Warning: Option `bookmarks' has already been used,
(hyperref)                setting the option has no effect on input line 94.

Package hyperref Info: Option `unicode' set `true' on input line 94.
Package hyperref Info: Option `pdftoolbar' set `true' on input line 94.
Package hyperref Info: Option `pdfmenubar' set `true' on input line 94.
Package hyperref Info: Option `pdffitwindow' set `false' on input line 94.
Package hyperref Info: Option `pdfnewwindow' set `false' on input line 94.
Package hyperref Info: Option `colorlinks' set `true' on input line 94.

(C:\Program Files\MiKTeX\tex/generic/pgf/frontendlayer/tikz/libraries\tikzlibra
ryarrows.code.tex
File: tikzlibraryarrows.code.tex 2021/05/15 v3.1.9a (3.1.9a)

(C:\Program Files\MiKTeX\tex/generic/pgf/libraries\pgflibraryarrows.code.tex
File: pgflibraryarrows.code.tex 2021/05/15 v3.1.9a (3.1.9a)
\arrowsize=\dimen316
))
(C:\Program Files\MiKTeX\tex/generic/pgf/frontendlayer/tikz/libraries\tikzlibra
rypositioning.code.tex
File: tikzlibrarypositioning.code.tex 2021/05/15 v3.1.9a (3.1.9a)
)

Package fancyhdr Warning: \fancyfoot's `E' option without twoside option is use
less on input line 152.


Package fancyhdr Warning: \fancyfoot's `E' option without twoside option is use
less on input line 153.

\mysize=\skip75
(C:\Program Files\MiKTeX\tex/latex/listings\lstlang1.sty
File: lstlang1.sty 2020/03/24 1.8d listings language file
)
(C:\Program Files\MiKTeX\tex/latex/listings\lstmisc.sty
File: lstmisc.sty 2020/03/24 1.8d (Carsten Heinz)
)
\c@lemma=\count443
\c@theorem=\count444
\c@definition=\count445
\c@proposition=\count446
\c@recall=\count447
\c@remark=\count448
)
\@indexfile=\write5
\openout5 = `thesis.idx'.


Writing index file thesis.idx
Package translations Info: No language package found. I am going to use `englis
h' as default language. on input line 24.

LaTeX Warning: Unused global option(s):
    [BCOR,headsepline,bibliography].

No file thesis.aux.
\openout1 = `thesis.aux'.

LaTeX Font Info:    Checking defaults for OML/cmm/m/it on input line 24.
LaTeX Font Info:    ... okay on input line 24.
LaTeX Font Info:    Checking defaults for OMS/cmsy/m/n on input line 24.
LaTeX Font Info:    ... okay on input line 24.
LaTeX Font Info:    Checking defaults for OT1/cmr/m/n on input line 24.
LaTeX Font Info:    ... okay on input line 24.
LaTeX Font Info:    Checking defaults for T1/cmr/m/n on input line 24.
LaTeX Font Info:    ... okay on input line 24.
LaTeX Font Info:    Checking defaults for TS1/cmr/m/n on input line 24.
LaTeX Font Info:    Trying to load font information for TS1+cmr on input line 2
4.
(C:\Program Files\MiKTeX\tex/latex/base\ts1cmr.fd
File: ts1cmr.fd 2019/12/16 v2.5j Standard LaTeX font definitions
)
LaTeX Font Info:    ... okay on input line 24.
LaTeX Font Info:    Checking defaults for TU/lmr/m/n on input line 24.
LaTeX Font Info:    ... okay on input line 24.
LaTeX Font Info:    Checking defaults for OMX/cmex/m/n on input line 24.
LaTeX Font Info:    ... okay on input line 24.
LaTeX Font Info:    Checking defaults for U/cmr/m/n on input line 24.
LaTeX Font Info:    ... okay on input line 24.
LaTeX Font Info:    Checking defaults for PD1/pdf/m/n on input line 24.
LaTeX Font Info:    ... okay on input line 24.
LaTeX Font Info:    Checking defaults for PU/pdf/m/n on input line 24.
LaTeX Font Info:    ... okay on input line 24.

*geometry* driver: auto-detecting
*geometry* detected driver: xetex
*geometry* verbose mode - [ preamble ] result:
* driver: xetex
* paper: a4paper
* layout: <same size as paper>
* layoutoffset:(h,v)=(0.0pt,0.0pt)
* modes: 
* h-part:(L,W,R)=(54.2025pt, 489.10287pt, 54.2025pt)
* v-part:(T,H,B)=(54.2025pt, 736.64185pt, 54.2025pt)
* \paperwidth=597.50787pt
* \paperheight=845.04684pt
* \textwidth=489.10287pt
* \textheight=736.64185pt
* \oddsidemargin=-18.06749pt
* \evensidemargin=-18.06749pt
* \topmargin=-55.06749pt
* \headheight=12.0pt
* \headsep=25.0pt
* \topskip=12.0pt
* \footskip=30.0pt
* \marginparwidth=35.0pt
* \marginparsep=10.0pt
* \columnsep=10.0pt
* \skip\footins=10.8pt plus 4.0pt minus 2.0pt
* \hoffset=0.0pt
* \voffset=0.0pt
* \mag=1000
* \@twocolumnfalse
* \@twosidefalse
* \@mparswitchfalse
* \@reversemarginfalse
* (1in=72.27pt=25.4mm, 1cm=28.453pt)

Package hyperref Info: Link coloring ON on input line 24.
(C:\Program Files\MiKTeX\tex/latex/hyperref\nameref.sty
Package: nameref 2021-04-02 v2.47 Cross-referencing by name of section

(C:\Program Files\MiKTeX\tex/latex/refcount\refcount.sty
Package: refcount 2019/12/15 v3.6 Data extraction from label references (HO)
)
(C:\Program Files\MiKTeX\tex/generic/gettitlestring\gettitlestring.sty
Package: gettitlestring 2019/12/15 v1.6 Cleanup title references (HO)
)
\c@section@level=\count449
)
LaTeX Info: Redefining \ref on input line 24.
LaTeX Info: Redefining \pageref on input line 24.
LaTeX Info: Redefining \nameref on input line 24.
\@outlinefile=\write6
\openout6 = `thesis.out'.



Package hyperref Warning: Rerun to get /PageLabels entry.

\c@lstlisting=\count450

LaTeX hooks Warning: Generic hook
(hooks)              'file/after/translations-basic-dictionary-english.trsl'
(hooks)              is deprecated.
(hooks)              Use hook
(hooks)              'file/translations-basic-dictionary-english.trsl/after'
(hooks)              instead.


(C:\Program Files\MiKTeX\tex/latex/translations/dicts\translations-basic-dictio
nary-english.trsl
File: translations-basic-dictionary-english.trsl (english translation file `tra
nslations-basic-dictionary')
)
File: pictures/sharif-logo.png Graphic file (type bmp)
<pictures/sharif-logo.png>
LaTeX Font Info:    Font shape `TU/BahijNazanin(0)/m/n' will be
(Font)              scaled to size 17.28pt on input line 25.
LaTeX Font Info:    Font shape `TU/BahijNazanin(0)/b/n' will be
(Font)              scaled to size 17.28pt on input line 25.
LaTeX Font Info:    Font shape `TU/BahijNazanin(0)/m/n' will be
(Font)              scaled to size 24.88pt on input line 25.
LaTeX Font Info:    Font shape `TU/BahijNazanin(0)/b/n' will be
(Font)              scaled to size 24.88pt on input line 25.
LaTeX Font Info:    Font shape `TU/BahijNazanin(0)/m/n' will be
(Font)              scaled to size 14.4pt on input line 25.
LaTeX Font Info:    Font shape `TU/BahijNazanin-Regular.ttf(0)/m/n' will be
(Font)              scaled to size 14.4pt on input line 25.
 [1

]
LaTeX Font Info:    Font shape `TU/BahijNazanin(0)/b/n' will be
(Font)              scaled to size 14.4pt on input line 26.
LaTeX Font Info:    Trying to load font information for U+msa on input line 26.

 (C:\Program Files\MiKTeX\tex/latex/amsfonts\umsa.fd
File: umsa.fd 2013/01/14 v3.01 AMS symbols A
)
LaTeX Font Info:    Trying to load font information for U+msb on input line 26.


(C:\Program Files\MiKTeX\tex/latex/amsfonts\umsb.fd
File: umsb.fd 2013/01/14 v3.01 AMS symbols B
)
LaTeX Font Info:    Trying to load font information for U+wasy on input line 26
.

(C:\Program Files\MiKTeX\tex/latex/wasysym\uwasy.fd
File: uwasy.fd 2020/01/19 v2.4 Wasy-2 symbol font definitions
)
LaTeX Font Info:    Font shape `TU/BahijNazanin-Regular.ttf(1)/m/n' will be
(Font)              scaled to size 12.0pt on input line 26.
LaTeX Font Info:    Font shape `TU/BahijNazanin-Regular.ttf(1)/m/n' will be
(Font)              scaled to size 8.0pt on input line 26.
LaTeX Font Info:    Font shape `TU/BahijNazanin-Regular.ttf(1)/m/n' will be
(Font)              scaled to size 6.0pt on input line 26.


LaTeX Font Warning: Font shape `TU/BahijNazanin-Regular.ttf(1)/bx/n' undefined
(Font)              using `TU/BahijNazanin-Regular.ttf(1)/m/n' instead on input
 line 26.

LaTeX Font Info:    Font shape `TU/BahijNazanin-Regular.ttf(1)/bx/n' will be
(Font)              scaled to size 8.0pt on input line 26.
LaTeX Font Info:    Font shape `TU/BahijNazanin-Regular.ttf(1)/bx/n' will be
(Font)              scaled to size 6.0pt on input line 26.

LaTeX Font Warning: Font shape `TU/BahijNazanin-Regular.ttf(1)/m/it' undefined
(Font)              using `TU/BahijNazanin-Regular.ttf(1)/m/n' instead on input
 line 26.

LaTeX Font Info:    Font shape `TU/BahijNazanin-Regular.ttf(1)/m/it' will be
(Font)              scaled to size 8.0pt on input line 26.
LaTeX Font Info:    Font shape `TU/BahijNazanin-Regular.ttf(1)/m/it' will be
(Font)              scaled to size 6.0pt on input line 26.
[1] [1]
LaTeX Font Info:    Font shape `TU/BahijNazanin(0)/b/n' will be
(Font)              scaled to size 12.0pt on input line 30.
LaTeX Font Info:    Font shape `TU/BahijNazanin(1)/m/n' will be
(Font)              scaled to size 12.0pt on input line 31.
 [1]
\tf@toc=\write7
\openout7 = `thesis.toc'.

 [1

]
\tf@lof=\write8
\openout8 = `thesis.lof'.

 [2

]
 1.

LaTeX Font Warning: Font shape `TU/BahijNazanin-Regular.ttf(0)/b/n' undefined
(Font)              using `TU/BahijNazanin-Regular.ttf(0)/m/n' instead on input
 line 40.

LaTeX Font Info:    Font shape `TU/BahijNazanin-Regular.ttf(0)/m/n' will be
(Font)              scaled to size 24.88pt on input line 40.
LaTeX Font Info:    Font shape `TU/BahijNazanin(0)/m/n' will be
(Font)              scaled to size 8.0pt on input line 42.
LaTeX Font Info:    Font shape `TU/BahijNazanin-Regular.ttf(0)/m/n' will be
(Font)              scaled to size 8.0pt on input line 42.

LaTeX Warning: Reference `footdir@1' on page 1 undefined on input line 42.


LaTeX Warning: Reference `footdir@2' on page 1 undefined on input line 42.

LaTeX Font Info:    Font shape `TU/BahijNazanin(0)/m/n' will be
(Font)              scaled to size 10.0pt on input line 42.
LaTeX Font Info:    Font shape `TU/BahijNazanin(1)/m/n' will be
(Font)              scaled to size 10.0pt on input line 42.
LaTeX Font Info:    Font shape `TU/BahijNazanin-Regular.ttf(1)/m/n' will be
(Font)              scaled to size 10.0pt on input line 42.
LaTeX Font Info:    Font shape `TU/BahijNazanin-Regular.ttf(1)/m/n' will be
(Font)              scaled to size 7.0pt on input line 42.
LaTeX Font Info:    Font shape `TU/BahijNazanin-Regular.ttf(1)/m/n' will be
(Font)              scaled to size 5.0pt on input line 42.
LaTeX Font Info:    Font shape `TU/BahijNazanin-Regular.ttf(1)/bx/n' will be
(Font)              scaled to size 10.0pt on input line 42.
LaTeX Font Info:    Font shape `TU/BahijNazanin-Regular.ttf(1)/bx/n' will be
(Font)              scaled to size 7.0pt on input line 42.
LaTeX Font Info:    Font shape `TU/BahijNazanin-Regular.ttf(1)/bx/n' will be
(Font)              scaled to size 5.0pt on input line 42.
LaTeX Font Info:    Font shape `TU/BahijNazanin-Regular.ttf(1)/m/it' will be
(Font)              scaled to size 10.0pt on input line 42.
LaTeX Font Info:    Font shape `TU/BahijNazanin-Regular.ttf(1)/m/it' will be
(Font)              scaled to size 7.0pt on input line 42.
LaTeX Font Info:    Font shape `TU/BahijNazanin-Regular.ttf(1)/m/it' will be
(Font)              scaled to size 5.0pt on input line 42.
LaTeX Font Info:    Font shape `TU/BahijNazanin(1)/m/n' will be
(Font)              scaled to size 7.0pt on input line 42.
LaTeX Font Info:    Font shape `TU/BahijNazanin-Regular.ttf(0)/m/n' will be
(Font)              scaled to size 12.0pt on input line 43.
LaTeX Font Info:    Font shape `TU/BahijNazanin-Regular.ttf(0)/b/n' will be
(Font)              scaled to size 17.28pt on input line 44.
File: pictures/Pre-mRNA-1ysv-tubes.png Graphic file (type bmp)
<pictures/Pre-mRNA-1ysv-tubes.png>

Package natbib Warning: Citation `Nucleotide' on page 1 undefined on input line
 52.

LaTeX Font Info:    Font shape `TU/BahijNazanin-Regular.ttf(1)/bx/n' will be
(Font)              scaled to size 12.0pt on input line 58.
LaTeX Font Info:    Font shape `TU/BahijNazanin-Regular.ttf(1)/m/it' will be
(Font)              scaled to size 12.0pt on input line 58.

LaTeX Warning: Reference `footdir@3' on page 1 undefined on input line 58.


LaTeX Warning: Reference `footdir@4' on page 1 undefined on input line 58.


LaTeX Warning: Reference `footdir@5' on page 1 undefined on input line 64.

[1

]

LaTeX Warning: Reference `footdir@6' on page 2 undefined on input line 66.


LaTeX Warning: Reference `footdir@7' on page 2 undefined on input line 66.

File: pictures/DNApng.png Graphic file (type bmp)
<pictures/DNApng.png>

Package natbib Warning: Citation `graph1' on page 2 undefined on input line 74.



LaTeX Warning: Reference `footdir@8' on page 2 undefined on input line 81.


LaTeX Warning: Reference `footdir@9' on page 2 undefined on input line 81.

LaTeX Font Info:    Font shape `TU/BahijNazanin-Regular.ttf(0)/b/n' will be
(Font)              scaled to size 14.4pt on input line 83.
File: pictures/dnarna.png Graphic file (type bmp)
<pictures/dnarna.png>

Package natbib Warning: Citation `graph2' on page 2 undefined on input line 90.



Overfull \hbox (4.08801pt too wide) in paragraph at lines 97--98
[][]\TU/BahijNazanin-Regular.ttf(0)/m/n/12       
    []
 []


LaTeX Warning: Reference `footdir@10' on page 2 undefined on input line 99.


Package fancyhdr Warning: \headheight is too small (12.0pt): 
(fancyhdr)                Make it at least 16.79446pt, for example:
(fancyhdr)                \setlength{\headheight}{16.79446pt}.
(fancyhdr)                You might also make \topmargin smaller to compensate:

(fancyhdr)                \addtolength{\topmargin}{-4.79446pt}.

[2]
File: pictures/DBSrepair.jpg Graphic file (type bmp)
<pictures/DBSrepair.jpg>


LaTeX Warning: Reference `footdir@11' on page 3 undefined on input line 129.


LaTeX Warning: Reference `footdir@12' on page 3 undefined on input line 129.


LaTeX Warning: Reference `footdir@13' on page 3 undefined on input line 131.


LaTeX Warning: Reference `footdir@14' on page 3 undefined on input line 131.


LaTeX Warning: Reference `footdir@15' on page 3 undefined on input line 133.


LaTeX Warning: Reference `footdir@16' on page 3 undefined on input line 133.


Underfull \hbox (badness 1292) in paragraph at lines 128--136
[]\TU/BahijNazanin-Regular.ttf(0)/m/n/12     
[][][][][][][][][][][][] []\TU/BahijNazanin-Regular.ttf(1)/m/it/12 (CRISPR)
[]\TU/BahijNazanin-Regular.ttf(0)/m/n/12 . []
 []


LaTeX Warning: Reference `footdir@17' on page 3 undefined on input line 138.


LaTeX Warning: Reference `footdir@18' on page 3 undefined on input line 138.


LaTeX Warning: Reference `footdir@19' on page 3 undefined on input line 140.


LaTeX Warning: Reference `footdir@20' on page 3 undefined on input line 140.


LaTeX Warning: Reference `footdir@21' on page 3 undefined on input line 143.


LaTeX Warning: Reference `footdir@22' on page 3 undefined on input line 143.


LaTeX Warning: Reference `footdir@23' on page 3 undefined on input line 151.


Package fancyhdr Warning: \headheight is too small (12.0pt): 
(fancyhdr)                Make it at least 16.79446pt, for example:
(fancyhdr)                \setlength{\headheight}{16.79446pt}.
(fancyhdr)                You might also make \topmargin smaller to compensate:

(fancyhdr)                \addtolength{\topmargin}{-4.79446pt}.

[3]
LaTeX Font Info:    Font shape `TU/BahijNazanin(1)/b/n' will be
(Font)              scaled to size 14.4pt on input line 154.
File: pictures/Overview_of_TALENs.png Graphic file (type bmp)
<pictures/Overview_of_TALENs.png>


Package natbib Warning: Citation `graph3' on page 4 undefined on input line 164
.


LaTeX Warning: Reference `footdir@24' on page 4 undefined on input line 167.


LaTeX Warning: Reference `footdir@25' on page 4 undefined on input line 167.

LaTeX Font Info:    Font shape `TU/BahijNazanin(0)/m/n' will be
(Font)              scaled to size 7.0pt on input line 167.
LaTeX Font Info:    Font shape `TU/BahijNazanin-Regular.ttf(0)/m/n' will be
(Font)              scaled to size 7.0pt on input line 167.

Package natbib Warning: Citation `TALEN1' on page 4 undefined on input line 170
.


LaTeX Warning: Reference `footdir@26' on page 4 undefined on input line 173.


LaTeX Warning: Reference `footdir@27' on page 4 undefined on input line 173.


Package natbib Warning: Citation `TALEN2' on page 4 undefined on input line 179
.


LaTeX Warning: Reference `footdir@28' on page 4 undefined on input line 180.


Package fancyhdr Warning: \headheight is too small (12.0pt): 
(fancyhdr)                Make it at least 16.79446pt, for example:
(fancyhdr)                \setlength{\headheight}{16.79446pt}.
(fancyhdr)                You might also make \topmargin smaller to compensate:

(fancyhdr)                \addtolength{\topmargin}{-4.79446pt}.

[4]

Package natbib Warning: Citation `TED' on page 5 undefined on input line 182.

File: pictures/simple_crispr.jpg Graphic file (type bmp)
<pictures/simple_crispr.jpg>

Package natbib Warning: Citation `graph4' on page 5 undefined on input line 188
.


Package natbib Warning: Citation `Ishino' on page 5 undefined on input line 196
.


Package natbib Warning: Citation `Mojica' on page 5 undefined on input line 197
.


Package fancyhdr Warning: \headheight is too small (12.0pt): 
(fancyhdr)                Make it at least 16.79446pt, for example:
(fancyhdr)                \setlength{\headheight}{16.79446pt}.
(fancyhdr)                You might also make \topmargin smaller to compensate:

(fancyhdr)                \addtolength{\topmargin}{-4.79446pt}.

[5]
File: pictures/cut.png Graphic file (type bmp)
<pictures/cut.png>


Package natbib Warning: Citation `addgene' on page 6 undefined on input line 22
1.


Package fancyhdr Warning: \headheight is too small (12.0pt): 
(fancyhdr)                Make it at least 16.79446pt, for example:
(fancyhdr)                \setlength{\headheight}{16.79446pt}.
(fancyhdr)                You might also make \topmargin smaller to compensate:

(fancyhdr)                \addtolength{\topmargin}{-4.79446pt}.

[6]
File: pictures/nick.png Graphic file (type bmp)
<pictures/nick.png>


Package natbib Warning: Citation `addgene' on page 7 undefined on input line 26
2.


Package fancyhdr Warning: \headheight is too small (12.0pt): 
(fancyhdr)                Make it at least 16.79446pt, for example:
(fancyhdr)                \setlength{\headheight}{16.79446pt}.
(fancyhdr)                You might also make \topmargin smaller to compensate:

(fancyhdr)                \addtolength{\topmargin}{-4.79446pt}.

[7]
Underfull \hbox (badness 2351) in paragraph at lines 316--316
[][]|[]\TU/BahijNazanin-Regular.ttf(1)/m/it/12 CRISPR Associated Protein,[] \TU
/BahijNazanin-Regular.ttf(0)/m/n/12    Cas9  Cas12a[]
 []


Package natbib Warning: Citation `TED' on page 8 undefined on input line 347.


Package natbib Warning: Citation `addgene' on page 8 undefined on input line 34
7.


Package natbib Warning: Citation `Wired' on page 8 undefined on input line 347.



Package natbib Warning: Citation `breeding' on page 8 undefined on input line 3
47.


Package natbib Warning: Citation `DNA' on page 8 undefined on input line 347.


Package natbib Warning: Citation `DNA1' on page 8 undefined on input line 347.


Package natbib Warning: Citation `CRISPR' on page 8 undefined on input line 347
.


Package natbib Warning: Citation `CRISPR1' on page 8 undefined on input line 34
7.


Package natbib Warning: Citation `Radiation' on page 8 undefined on input line 
347.


Package natbib Warning: Citation `snippets' on page 8 undefined on input line 3
47.


Package natbib Warning: Citation `First' on page 8 undefined on input line 347.



Package natbib Warning: Citation `animal' on page 8 undefined on input line 347
.


Package natbib Warning: Citation `GM' on page 8 undefined on input line 347.


Package natbib Warning: Citation `GMOs' on page 8 undefined on input line 347.


Package natbib Warning: Citation `GMOs1' on page 8 undefined on input line 347.



Package natbib Warning: Citation `Flavr' on page 8 undefined on input line 347.



Package natbib Warning: Citation `fish' on page 8 undefined on input line 347.


Package natbib Warning: Citation `CRISPR' on page 8 undefined on input line 347
.


Package natbib Warning: Citation `HIV' on page 8 undefined on input line 347.


Package natbib Warning: Citation `HIV1' on page 8 undefined on input line 347.


Package natbib Warning: Citation `HIV2' on page 8 undefined on input line 347.


Package natbib Warning: Citation `HIV3' on page 8 undefined on input line 347.


Package natbib Warning: Citation `Kurzgesagt  In a Nutshell' on page 8 undefin
ed on input line 347.


Package fancyhdr Warning: \headheight is too small (12.0pt): 
(fancyhdr)                Make it at least 16.79446pt, for example:
(fancyhdr)                \setlength{\headheight}{16.79446pt}.
(fancyhdr)                You might also make \topmargin smaller to compensate:

(fancyhdr)                \addtolength{\topmargin}{-4.79446pt}.

[8]

LaTeX Warning: Text page 9 contains only floats.


Package fancyhdr Warning: \headheight is too small (12.0pt): 
(fancyhdr)                Make it at least 16.79446pt, for example:
(fancyhdr)                \setlength{\headheight}{16.79446pt}.
(fancyhdr)                You might also make \topmargin smaller to compensate:

(fancyhdr)                \addtolength{\topmargin}{-4.79446pt}.

[9]

Package fancyhdr Warning: \headheight is too small (12.0pt): 
(fancyhdr)                Make it at least 16.79446pt, for example:
(fancyhdr)                \setlength{\headheight}{16.79446pt}.
(fancyhdr)                You might also make \topmargin smaller to compensate:

(fancyhdr)                \addtolength{\topmargin}{-4.79446pt}.

[10]
 2.
LaTeX Font Info:    Font shape `TU/BahijNazanin-Regular.ttf(0)/b/n' will be
(Font)              scaled to size 24.88pt on input line 351.

Package natbib Warning: Citation `CHOPCHOP3' on page 11 undefined on input line
 354.


Package natbib Warning: Citation `CHOPCHOP2' on page 11 undefined on input line
 354.


Package natbib Warning: Citation `CHOPCHOP' on page 11 undefined on input line 
354.


Package hyperref Warning: Token not allowed in a PDF string (Unicode):
(hyperref)                removing `\begingroup' on input line 354.


Package hyperref Warning: Token not allowed in a PDF string (Unicode):
(hyperref)                removing `\<let>-command' on input line 354.


Package hyperref Warning: Token not allowed in a PDF string (Unicode):
(hyperref)                removing `\NAT@ctype' on input line 354.


Package hyperref Warning: Token not allowed in a PDF string (Unicode):
(hyperref)                removing `\z@' on input line 354.


Package hyperref Warning: Token not allowed in a PDF string (Unicode):
(hyperref)                removing `\let' on input line 354.


Package hyperref Warning: Token not allowed in a PDF string (Unicode):
(hyperref)                removing `\let' on input line 354.


Package hyperref Warning: Token not allowed in a PDF string (Unicode):
(hyperref)                removing `\new@ifnextchar' on input line 354.


Package natbib Warning: Citation `Cas-OFFinder' on page 11 undefined on input l
ine 361.


Package natbib Warning: Citation `Cas-Designer' on page 11 undefined on input l
ine 361.


Package hyperref Warning: Token not allowed in a PDF string (Unicode):
(hyperref)                removing `\begingroup' on input line 361.


Package hyperref Warning: Token not allowed in a PDF string (Unicode):
(hyperref)                removing `\<let>-command' on input line 361.


Package hyperref Warning: Token not allowed in a PDF string (Unicode):
(hyperref)                removing `\NAT@ctype' on input line 361.


Package hyperref Warning: Token not allowed in a PDF string (Unicode):
(hyperref)                removing `\z@' on input line 361.


Package hyperref Warning: Token not allowed in a PDF string (Unicode):
(hyperref)                removing `\let' on input line 361.


Package hyperref Warning: Token not allowed in a PDF string (Unicode):
(hyperref)                removing `\let' on input line 361.


Package hyperref Warning: Token not allowed in a PDF string (Unicode):
(hyperref)                removing `\new@ifnextchar' on input line 361.

File: pictures/Cas-Designer.jpg Graphic file (type bmp)
<pictures/Cas-Designer.jpg>

Package natbib Warning: Citation `Cas-OFFinder' on page 11 undefined on input l
ine 377.


Package natbib Warning: Citation `Cas-OFFinder' on page 11 undefined on input l
ine 377.


LaTeX Warning: `!h' float specifier changed to `!ht'.

[11

]

Package natbib Warning: Citation `E-CRISP' on page 12 undefined on input line 3
88.


Package hyperref Warning: Token not allowed in a PDF string (Unicode):
(hyperref)                removing `\begingroup' on input line 388.


Package hyperref Warning: Token not allowed in a PDF string (Unicode):
(hyperref)                removing `\<let>-command' on input line 388.


Package hyperref Warning: Token not allowed in a PDF string (Unicode):
(hyperref)                removing `\NAT@ctype' on input line 388.


Package hyperref Warning: Token not allowed in a PDF string (Unicode):
(hyperref)                removing `\z@' on input line 388.


Package hyperref Warning: Token not allowed in a PDF string (Unicode):
(hyperref)                removing `\let' on input line 388.


Package hyperref Warning: Token not allowed in a PDF string (Unicode):
(hyperref)                removing `\let' on input line 388.


Package hyperref Warning: Token not allowed in a PDF string (Unicode):
(hyperref)                removing `\new@ifnextchar' on input line 388.

File: pictures/ecrispr.jpg Graphic file (type bmp)
<pictures/ecrispr.jpg>

Overfull \hbox (42.67914pt too wide) in paragraph at lines 391--394
 [][][][][][] 
 []


Package natbib Warning: Citation `E-CRISP' on page 12 undefined on input line 3
94.


Package natbib Warning: Citation `CRISPOR' on page 12 undefined on input line 4
00.


Package hyperref Warning: Token not allowed in a PDF string (Unicode):
(hyperref)                removing `\begingroup' on input line 400.


Package hyperref Warning: Token not allowed in a PDF string (Unicode):
(hyperref)                removing `\<let>-command' on input line 400.


Package hyperref Warning: Token not allowed in a PDF string (Unicode):
(hyperref)                removing `\NAT@ctype' on input line 400.


Package hyperref Warning: Token not allowed in a PDF string (Unicode):
(hyperref)                removing `\z@' on input line 400.


Package hyperref Warning: Token not allowed in a PDF string (Unicode):
(hyperref)                removing `\let' on input line 400.


Package hyperref Warning: Token not allowed in a PDF string (Unicode):
(hyperref)                removing `\let' on input line 400.


Package hyperref Warning: Token not allowed in a PDF string (Unicode):
(hyperref)                removing `\new@ifnextchar' on input line 400.

File: pictures/CRISPOR.jpg Graphic file (type bmp)
<pictures/CRISPOR.jpg>

Overfull \hbox (42.67914pt too wide) in paragraph at lines 403--406
 [][][][][][] 
 []


Package natbib Warning: Citation `CRISPOR' on page 12 undefined on input line 4
06.


Package natbib Warning: Citation `CRISPOR' on page 12 undefined on input line 4
06.


Package fancyhdr Warning: \headheight is too small (12.0pt): 
(fancyhdr)                Make it at least 16.79446pt, for example:
(fancyhdr)                \setlength{\headheight}{16.79446pt}.
(fancyhdr)                You might also make \topmargin smaller to compensate:

(fancyhdr)                \addtolength{\topmargin}{-4.79446pt}.

[12]
Overfull \hbox (19.31361pt too wide) in paragraph at lines 412--412
[][]\TU/BahijNazanin(0)/b/n/14.4  off-target     []
 []

File: pictures/DeepLearning.jpg Graphic file (type bmp)
<pictures/DeepLearning.jpg>

Overfull \hbox (28.45276pt too wide) in paragraph at lines 415--418
 [][][][][][] 
 []


Package natbib Warning: Citation `chart' on page 13 undefined on input line 418
.


Package natbib Warning: Citation `chart' on page 13 undefined on input line 418
.

Missing character: There is no  in font [fonts/Bahij Nazanin-Regular.ttf]/OT:s
cript=arab;language=dflt;mapping=tex-text;!
Missing character: There is no  in font [fonts/Bahij Nazanin-Regular.ttf]/OT:s
cript=arab;language=dflt;mapping=tex-text;!

Package fancyhdr Warning: \headheight is too small (12.0pt): 
(fancyhdr)                Make it at least 16.79446pt, for example:
(fancyhdr)                \setlength{\headheight}{16.79446pt}.
(fancyhdr)                You might also make \topmargin smaller to compensate:

(fancyhdr)                \addtolength{\topmargin}{-4.79446pt}.

[13]

Package natbib Warning: Citation `CCTop' on page 14 undefined on input line 422
.


Package hyperref Warning: Token not allowed in a PDF string (Unicode):
(hyperref)                removing `\begingroup' on input line 422.


Package hyperref Warning: Token not allowed in a PDF string (Unicode):
(hyperref)                removing `\<let>-command' on input line 422.


Package hyperref Warning: Token not allowed in a PDF string (Unicode):
(hyperref)                removing `\NAT@ctype' on input line 422.


Package hyperref Warning: Token not allowed in a PDF string (Unicode):
(hyperref)                removing `\z@' on input line 422.


Package hyperref Warning: Token not allowed in a PDF string (Unicode):
(hyperref)                removing `\let' on input line 422.


Package hyperref Warning: Token not allowed in a PDF string (Unicode):
(hyperref)                removing `\let' on input line 422.


Package hyperref Warning: Token not allowed in a PDF string (Unicode):
(hyperref)                removing `\new@ifnextchar' on input line 422.


Package natbib Warning: Citation `DeepCRISPR' on page 14 undefined on input lin
e 448.

File: pictures/DeepCRISPR.jpg Graphic file (type bmp)
<pictures/DeepCRISPR.jpg>

Package natbib Warning: Citation `DeepCRISPR' on page 14 undefined on input lin
e 454.


Package fancyhdr Warning: \headheight is too small (12.0pt): 
(fancyhdr)                Make it at least 16.79446pt, for example:
(fancyhdr)                \setlength{\headheight}{16.79446pt}.
(fancyhdr)                You might also make \topmargin smaller to compensate:

(fancyhdr)                \addtolength{\topmargin}{-4.79446pt}.

[14]

Package fancyhdr Warning: \headheight is too small (12.0pt): 
(fancyhdr)                Make it at least 16.79446pt, for example:
(fancyhdr)                \setlength{\headheight}{16.79446pt}.
(fancyhdr)                You might also make \topmargin smaller to compensate:

(fancyhdr)                \addtolength{\topmargin}{-4.79446pt}.

[15]

Package fancyhdr Warning: \headheight is too small (12.0pt): 
(fancyhdr)                Make it at least 16.79446pt, for example:
(fancyhdr)                \setlength{\headheight}{16.79446pt}.
(fancyhdr)                You might also make \topmargin smaller to compensate:

(fancyhdr)                \addtolength{\topmargin}{-4.79446pt}.

[16]
 3.

Package natbib Warning: Citation `DeepCRISPR' on page 17 undefined on input lin
e 533.


Package natbib Warning: Citation `Stacking' on page 17 undefined on input line 
538.


Package natbib Warning: Citation `Opitz' on page 17 undefined on input line 540
.


Package natbib Warning: Citation `Polikar' on page 17 undefined on input line 5
40.


Package natbib Warning: Citation `Rokach' on page 17 undefined on input line 54
0.

[17

]

Package natbib Warning: Citation `Blockeel' on page 18 undefined on input line 
542.

! TeX capacity exceeded, sorry [input stack size=5000].
\pgf@selectfontorig ->\pgf@selectfontorig 
                                          \nullfont 
l.581 \end{forest}
                  
If you really absolutely need more capacity,
you can ask a wizard to enlarge me.

 
Here is how much of TeX's memory you used:
 43824 strings out of 411059
 996128 string characters out of 2830149
 1629166 words of memory out of 3000000
 63785 multiletter control sequences out of 15000+600000
 414728 words of font info for 96 fonts, out of 8000000 for 9000
 1348 hyphenation exceptions out of 8191
 5000i,14n,109p,4829b,792s stack positions out of 5000i,500n,10000p,200000b,80000s
Output written on thesis.pdf (23 pages).
